2020-08-28 16:14:30.427 INFO  com.medsys.nis.NisApplication Line:50  - Starting NisApplication on DESKTOP-8O1I1KB with PID 14656 (D:\zwStudyWeb\newNISHT\target\classes started by Super in D:\zwStudyWeb\newNISHT)
2020-08-28 16:14:30.491 INFO  com.medsys.nis.NisApplication Line:651 - The following profiles are active: dev
2020-08-28 16:14:30.753 INFO  org.springframework.boot.devtools.env.DevToolsPropertyDefaultsPostProcessor Line:225 - Devtools property defaults active! Set 'spring.devtools.add-properties' to 'false' to disable
2020-08-28 16:14:30.764 INFO  org.springframework.boot.devtools.env.DevToolsPropertyDefaultsPostProcessor Line:225 - For additional web related logging consider setting the 'logging.level.web' property to 'DEBUG'
2020-08-28 16:14:35.525 INFO  org.springframework.context.support.PostProcessorRegistrationDelegate$BeanPostProcessorChecker Line:330 - Bean 'shiroConfig' of type [com.medsys.nis.common.config.ShiroConfig$$EnhancerBySpringCGLIB$$a475fc53] is not eligible for getting processed by all BeanPostProcessors (for example: not eligible for auto-proxying)
2020-08-28 16:14:38.977 INFO  org.springframework.context.support.PostProcessorRegistrationDelegate$BeanPostProcessorChecker Line:330 - Bean 'loginServiceImpl' of type [com.medsys.nis.maintain.service.impl.LoginServiceImpl] is not eligible for getting processed by all BeanPostProcessors (for example: not eligible for auto-proxying)
2020-08-28 16:14:38.982 INFO  org.springframework.context.support.PostProcessorRegistrationDelegate$BeanPostProcessorChecker Line:330 - Bean 'myShiroRealm' of type [com.medsys.nis.realm.MyRealm] is not eligible for getting processed by all BeanPostProcessors (for example: not eligible for auto-proxying)
2020-08-28 16:14:38.995 INFO  org.springframework.context.support.PostProcessorRegistrationDelegate$BeanPostProcessorChecker Line:330 - Bean 'securityManager' of type [org.apache.shiro.web.mgt.DefaultWebSecurityManager] is not eligible for getting processed by all BeanPostProcessors (for example: not eligible for auto-proxying)
2020-08-28 16:14:39.095 INFO  org.springframework.context.support.PostProcessorRegistrationDelegate$BeanPostProcessorChecker Line:330 - Bean 'authorizationAttributeSourceAdvisor' of type [org.apache.shiro.spring.security.interceptor.AuthorizationAttributeSourceAdvisor] is not eligible for getting processed by all BeanPostProcessors (for example: not eligible for auto-proxying)
2020-08-28 16:14:39.297 INFO  org.springframework.context.support.PostProcessorRegistrationDelegate$BeanPostProcessorChecker Line:330 - Bean 'org.springframework.transaction.annotation.ProxyTransactionManagementConfiguration' of type [org.springframework.transaction.annotation.ProxyTransactionManagementConfiguration$$EnhancerBySpringCGLIB$$f685817a] is not eligible for getting processed by all BeanPostProcessors (for example: not eligible for auto-proxying)
2020-08-28 16:14:40.563 INFO  org.springframework.boot.web.embedded.tomcat.TomcatWebServer Line:90  - Tomcat initialized with port(s): 8080 (http)
2020-08-28 16:14:40.609 INFO  org.apache.catalina.core.StandardService Line:173 - Starting service [Tomcat]
2020-08-28 16:14:40.610 INFO  org.apache.catalina.core.StandardEngine Line:173 - Starting Servlet engine: [Apache Tomcat/9.0.22]
2020-08-28 16:14:41.051 INFO  org.apache.catalina.core.ContainerBase.[Tomcat].[localhost].[/] Line:173 - Initializing Spring embedded WebApplicationContext
2020-08-28 16:14:41.052 INFO  org.springframework.web.context.ContextLoader Line:284 - Root WebApplicationContext: initialization completed in 10277 ms
2020-08-28 16:14:43.271 INFO  springfox.documentation.spring.web.PropertySourcedRequestMappingHandlerMapping Line:69  - Mapped URL path [/v2/api-docs] onto method [public org.springframework.http.ResponseEntity<springfox.documentation.spring.web.json.Json> springfox.documentation.swagger2.web.Swagger2Controller.getDocumentation(java.lang.String,javax.servlet.http.HttpServletRequest)]
2020-08-28 16:14:43.686 INFO  org.springframework.scheduling.concurrent.ThreadPoolTaskExecutor Line:171 - Initializing ExecutorService 'applicationTaskExecutor'
2020-08-28 16:14:43.765 INFO  org.springframework.boot.devtools.autoconfigure.OptionalLiveReloadServer Line:57  - LiveReload server is running on port 35729
2020-08-28 16:14:43.855 INFO  org.springframework.boot.autoconfigure.web.servlet.WelcomePageHandlerMapping Line:54  - Adding welcome page: class path resource [static/index.html]
2020-08-28 16:14:45.248 INFO  springfox.documentation.spring.web.plugins.DocumentationPluginsBootstrapper Line:160 - Context refreshed
2020-08-28 16:14:45.287 INFO  springfox.documentation.spring.web.plugins.DocumentationPluginsBootstrapper Line:163 - Found 1 custom documentation plugin(s)
2020-08-28 16:14:45.343 INFO  springfox.documentation.spring.web.scanners.ApiListingReferenceScanner Line:41  - Scanning for api listing references
2020-08-28 16:14:45.869 INFO  org.springframework.boot.web.embedded.tomcat.TomcatWebServer Line:202 - Tomcat started on port(s): 8080 (http) with context path ''
2020-08-28 16:14:45.875 INFO  com.medsys.nis.NisApplication Line:59  - Started NisApplication in 17.974 seconds (JVM running for 27.026)
2020-08-28 16:14:58.623 INFO  org.apache.catalina.core.ContainerBase.[Tomcat].[localhost].[/] Line:173 - Initializing Spring DispatcherServlet 'dispatcherServlet'
2020-08-28 16:14:58.628 INFO  org.springframework.web.servlet.DispatcherServlet Line:524 - Initializing Servlet 'dispatcherServlet'
2020-08-28 16:14:58.684 INFO  org.springframework.web.servlet.DispatcherServlet Line:546 - Completed initialization in 53 ms
2020-08-28 17:04:03.747 INFO  org.springframework.scheduling.concurrent.ThreadPoolTaskExecutor Line:208 - Shutting down ExecutorService 'applicationTaskExecutor'
2020-08-28 17:04:13.341 INFO  com.medsys.nis.NisApplication Line:50  - Starting NisApplication on DESKTOP-8O1I1KB with PID 14656 (D:\zwStudyWeb\newNISHT\target\classes started by Super in D:\zwStudyWeb\newNISHT)
2020-08-28 17:04:13.341 INFO  com.medsys.nis.NisApplication Line:651 - The following profiles are active: dev
2020-08-28 17:04:20.061 INFO  org.springframework.context.support.PostProcessorRegistrationDelegate$BeanPostProcessorChecker Line:330 - Bean 'shiroConfig' of type [com.medsys.nis.common.config.ShiroConfig$$EnhancerBySpringCGLIB$$a475fc53] is not eligible for getting processed by all BeanPostProcessors (for example: not eligible for auto-proxying)
2020-08-28 17:04:20.092 INFO  org.springframework.context.support.PostProcessorRegistrationDelegate$BeanPostProcessorChecker Line:330 - Bean 'loginServiceImpl' of type [com.medsys.nis.maintain.service.impl.LoginServiceImpl] is not eligible for getting processed by all BeanPostProcessors (for example: not eligible for auto-proxying)
2020-08-28 17:04:20.092 INFO  org.springframework.context.support.PostProcessorRegistrationDelegate$BeanPostProcessorChecker Line:330 - Bean 'myShiroRealm' of type [com.medsys.nis.realm.MyRealm] is not eligible for getting processed by all BeanPostProcessors (for example: not eligible for auto-proxying)
2020-08-28 17:04:20.108 INFO  org.springframework.context.support.PostProcessorRegistrationDelegate$BeanPostProcessorChecker Line:330 - Bean 'securityManager' of type [org.apache.shiro.web.mgt.DefaultWebSecurityManager] is not eligible for getting processed by all BeanPostProcessors (for example: not eligible for auto-proxying)
2020-08-28 17:04:20.170 INFO  org.springframework.context.support.PostProcessorRegistrationDelegate$BeanPostProcessorChecker Line:330 - Bean 'authorizationAttributeSourceAdvisor' of type [org.apache.shiro.spring.security.interceptor.AuthorizationAttributeSourceAdvisor] is not eligible for getting processed by all BeanPostProcessors (for example: not eligible for auto-proxying)
2020-08-28 17:04:20.217 INFO  org.springframework.context.support.PostProcessorRegistrationDelegate$BeanPostProcessorChecker Line:330 - Bean 'org.springframework.transaction.annotation.ProxyTransactionManagementConfiguration' of type [org.springframework.transaction.annotation.ProxyTransactionManagementConfiguration$$EnhancerBySpringCGLIB$$f685817a] is not eligible for getting processed by all BeanPostProcessors (for example: not eligible for auto-proxying)
2020-08-28 17:04:21.413 INFO  org.springframework.boot.web.embedded.tomcat.TomcatWebServer Line:90  - Tomcat initialized with port(s): 8080 (http)
2020-08-28 17:04:21.413 INFO  org.apache.catalina.core.StandardService Line:173 - Starting service [Tomcat]
2020-08-28 17:04:21.413 INFO  org.apache.catalina.core.StandardEngine Line:173 - Starting Servlet engine: [Apache Tomcat/9.0.22]
2020-08-28 17:04:21.600 INFO  org.apache.catalina.core.ContainerBase.[Tomcat].[localhost].[/] Line:173 - Initializing Spring embedded WebApplicationContext
2020-08-28 17:04:21.600 INFO  org.springframework.web.context.ContextLoader Line:284 - Root WebApplicationContext: initialization completed in 8259 ms
2020-08-28 17:04:24.750 INFO  springfox.documentation.spring.web.PropertySourcedRequestMappingHandlerMapping Line:69  - Mapped URL path [/v2/api-docs] onto method [public org.springframework.http.ResponseEntity<springfox.documentation.spring.web.json.Json> springfox.documentation.swagger2.web.Swagger2Controller.getDocumentation(java.lang.String,javax.servlet.http.HttpServletRequest)]
2020-08-28 17:04:25.937 INFO  org.springframework.scheduling.concurrent.ThreadPoolTaskExecutor Line:171 - Initializing ExecutorService 'applicationTaskExecutor'
2020-08-28 17:04:26.032 INFO  org.springframework.boot.devtools.autoconfigure.OptionalLiveReloadServer Line:57  - LiveReload server is running on port 35729
2020-08-28 17:04:26.104 INFO  org.springframework.boot.autoconfigure.web.servlet.WelcomePageHandlerMapping Line:54  - Adding welcome page: class path resource [static/index.html]
2020-08-28 17:04:26.854 INFO  springfox.documentation.spring.web.plugins.DocumentationPluginsBootstrapper Line:160 - Context refreshed
2020-08-28 17:04:26.854 INFO  springfox.documentation.spring.web.plugins.DocumentationPluginsBootstrapper Line:163 - Found 1 custom documentation plugin(s)
2020-08-28 17:04:26.870 INFO  springfox.documentation.spring.web.scanners.ApiListingReferenceScanner Line:41  - Scanning for api listing references
2020-08-28 17:04:27.120 INFO  org.springframework.boot.web.embedded.tomcat.TomcatWebServer Line:202 - Tomcat started on port(s): 8080 (http) with context path ''
2020-08-28 17:04:27.135 INFO  com.medsys.nis.NisApplication Line:59  - Started NisApplication in 14.013 seconds (JVM running for 3008.299)
2020-08-28 17:04:27.151 INFO  org.springframework.boot.devtools.autoconfigure.ConditionEvaluationDeltaLoggingListener Line:63  - Condition evaluation unchanged
2020-08-28 17:04:29.490 INFO  org.springframework.scheduling.concurrent.ThreadPoolTaskExecutor Line:208 - Shutting down ExecutorService 'applicationTaskExecutor'
2020-08-28 17:04:33.600 INFO  com.medsys.nis.NisApplication Line:50  - Starting NisApplication on DESKTOP-8O1I1KB with PID 14656 (D:\zwStudyWeb\newNISHT\target\classes started by Super in D:\zwStudyWeb\newNISHT)
2020-08-28 17:04:33.600 INFO  com.medsys.nis.NisApplication Line:651 - The following profiles are active: dev
2020-08-28 17:04:35.452 INFO  org.springframework.context.support.PostProcessorRegistrationDelegate$BeanPostProcessorChecker Line:330 - Bean 'shiroConfig' of type [com.medsys.nis.common.config.ShiroConfig$$EnhancerBySpringCGLIB$$a475fc53] is not eligible for getting processed by all BeanPostProcessors (for example: not eligible for auto-proxying)
2020-08-28 17:04:35.468 INFO  org.springframework.context.support.PostProcessorRegistrationDelegate$BeanPostProcessorChecker Line:330 - Bean 'loginServiceImpl' of type [com.medsys.nis.maintain.service.impl.LoginServiceImpl] is not eligible for getting processed by all BeanPostProcessors (for example: not eligible for auto-proxying)
2020-08-28 17:04:35.468 INFO  org.springframework.context.support.PostProcessorRegistrationDelegate$BeanPostProcessorChecker Line:330 - Bean 'myShiroRealm' of type [com.medsys.nis.realm.MyRealm] is not eligible for getting processed by all BeanPostProcessors (for example: not eligible for auto-proxying)
2020-08-28 17:04:35.468 INFO  org.springframework.context.support.PostProcessorRegistrationDelegate$BeanPostProcessorChecker Line:330 - Bean 'securityManager' of type [org.apache.shiro.web.mgt.DefaultWebSecurityManager] is not eligible for getting processed by all BeanPostProcessors (for example: not eligible for auto-proxying)
2020-08-28 17:04:35.499 INFO  org.springframework.context.support.PostProcessorRegistrationDelegate$BeanPostProcessorChecker Line:330 - Bean 'authorizationAttributeSourceAdvisor' of type [org.apache.shiro.spring.security.interceptor.AuthorizationAttributeSourceAdvisor] is not eligible for getting processed by all BeanPostProcessors (for example: not eligible for auto-proxying)
2020-08-28 17:04:35.546 INFO  org.springframework.context.support.PostProcessorRegistrationDelegate$BeanPostProcessorChecker Line:330 - Bean 'org.springframework.transaction.annotation.ProxyTransactionManagementConfiguration' of type [org.springframework.transaction.annotation.ProxyTransactionManagementConfiguration$$EnhancerBySpringCGLIB$$f685817a] is not eligible for getting processed by all BeanPostProcessors (for example: not eligible for auto-proxying)
2020-08-28 17:04:36.470 INFO  org.springframework.boot.web.embedded.tomcat.TomcatWebServer Line:90  - Tomcat initialized with port(s): 8080 (http)
2020-08-28 17:04:36.470 INFO  org.apache.catalina.core.StandardService Line:173 - Starting service [Tomcat]
2020-08-28 17:04:36.485 INFO  org.apache.catalina.core.StandardEngine Line:173 - Starting Servlet engine: [Apache Tomcat/9.0.22]
2020-08-28 17:04:36.772 INFO  org.apache.catalina.core.ContainerBase.[Tomcat].[localhost].[/] Line:173 - Initializing Spring embedded WebApplicationContext
2020-08-28 17:04:36.774 INFO  org.springframework.web.context.ContextLoader Line:284 - Root WebApplicationContext: initialization completed in 3158 ms
2020-08-28 17:04:39.023 INFO  springfox.documentation.spring.web.PropertySourcedRequestMappingHandlerMapping Line:69  - Mapped URL path [/v2/api-docs] onto method [public org.springframework.http.ResponseEntity<springfox.documentation.spring.web.json.Json> springfox.documentation.swagger2.web.Swagger2Controller.getDocumentation(java.lang.String,javax.servlet.http.HttpServletRequest)]
2020-08-28 17:04:39.961 INFO  org.springframework.scheduling.concurrent.ThreadPoolTaskExecutor Line:171 - Initializing ExecutorService 'applicationTaskExecutor'
2020-08-28 17:04:40.008 INFO  org.springframework.boot.devtools.autoconfigure.OptionalLiveReloadServer Line:57  - LiveReload server is running on port 35729
2020-08-28 17:04:40.054 INFO  org.springframework.boot.autoconfigure.web.servlet.WelcomePageHandlerMapping Line:54  - Adding welcome page: class path resource [static/index.html]
2020-08-28 17:04:41.133 INFO  springfox.documentation.spring.web.plugins.DocumentationPluginsBootstrapper Line:160 - Context refreshed
2020-08-28 17:04:41.133 INFO  springfox.documentation.spring.web.plugins.DocumentationPluginsBootstrapper Line:163 - Found 1 custom documentation plugin(s)
2020-08-28 17:04:41.148 INFO  springfox.documentation.spring.web.scanners.ApiListingReferenceScanner Line:41  - Scanning for api listing references
2020-08-28 17:04:41.336 INFO  org.springframework.boot.web.embedded.tomcat.TomcatWebServer Line:202 - Tomcat started on port(s): 8080 (http) with context path ''
2020-08-28 17:04:41.336 INFO  com.medsys.nis.NisApplication Line:59  - Started NisApplication in 7.845 seconds (JVM running for 3022.49)
2020-08-28 17:04:41.336 INFO  org.springframework.boot.devtools.autoconfigure.ConditionEvaluationDeltaLoggingListener Line:63  - Condition evaluation unchanged
2020-08-28 17:04:52.702 INFO  org.springframework.scheduling.concurrent.ThreadPoolTaskExecutor Line:208 - Shutting down ExecutorService 'applicationTaskExecutor'
2020-08-28 17:04:56.958 INFO  com.medsys.nis.NisApplication Line:50  - Starting NisApplication on DESKTOP-8O1I1KB with PID 14656 (D:\zwStudyWeb\newNISHT\target\classes started by Super in D:\zwStudyWeb\newNISHT)
2020-08-28 17:04:56.958 INFO  com.medsys.nis.NisApplication Line:651 - The following profiles are active: dev
2020-08-28 17:04:59.465 INFO  org.springframework.context.support.PostProcessorRegistrationDelegate$BeanPostProcessorChecker Line:330 - Bean 'shiroConfig' of type [com.medsys.nis.common.config.ShiroConfig$$EnhancerBySpringCGLIB$$a475fc53] is not eligible for getting processed by all BeanPostProcessors (for example: not eligible for auto-proxying)
2020-08-28 17:04:59.481 INFO  org.springframework.context.support.PostProcessorRegistrationDelegate$BeanPostProcessorChecker Line:330 - Bean 'loginServiceImpl' of type [com.medsys.nis.maintain.service.impl.LoginServiceImpl] is not eligible for getting processed by all BeanPostProcessors (for example: not eligible for auto-proxying)
2020-08-28 17:04:59.481 INFO  org.springframework.context.support.PostProcessorRegistrationDelegate$BeanPostProcessorChecker Line:330 - Bean 'myShiroRealm' of type [com.medsys.nis.realm.MyRealm] is not eligible for getting processed by all BeanPostProcessors (for example: not eligible for auto-proxying)
2020-08-28 17:04:59.481 INFO  org.springframework.context.support.PostProcessorRegistrationDelegate$BeanPostProcessorChecker Line:330 - Bean 'securityManager' of type [org.apache.shiro.web.mgt.DefaultWebSecurityManager] is not eligible for getting processed by all BeanPostProcessors (for example: not eligible for auto-proxying)
2020-08-28 17:04:59.496 INFO  org.springframework.context.support.PostProcessorRegistrationDelegate$BeanPostProcessorChecker Line:330 - Bean 'authorizationAttributeSourceAdvisor' of type [org.apache.shiro.spring.security.interceptor.AuthorizationAttributeSourceAdvisor] is not eligible for getting processed by all BeanPostProcessors (for example: not eligible for auto-proxying)
2020-08-28 17:04:59.528 INFO  org.springframework.context.support.PostProcessorRegistrationDelegate$BeanPostProcessorChecker Line:330 - Bean 'org.springframework.transaction.annotation.ProxyTransactionManagementConfiguration' of type [org.springframework.transaction.annotation.ProxyTransactionManagementConfiguration$$EnhancerBySpringCGLIB$$f685817a] is not eligible for getting processed by all BeanPostProcessors (for example: not eligible for auto-proxying)
2020-08-28 17:05:00.393 INFO  org.springframework.boot.web.embedded.tomcat.TomcatWebServer Line:90  - Tomcat initialized with port(s): 8080 (http)
2020-08-28 17:05:00.393 INFO  org.apache.catalina.core.StandardService Line:173 - Starting service [Tomcat]
2020-08-28 17:05:00.393 INFO  org.apache.catalina.core.StandardEngine Line:173 - Starting Servlet engine: [Apache Tomcat/9.0.22]
2020-08-28 17:05:00.565 INFO  org.apache.catalina.core.ContainerBase.[Tomcat].[localhost].[/] Line:173 - Initializing Spring embedded WebApplicationContext
2020-08-28 17:05:00.565 INFO  org.springframework.web.context.ContextLoader Line:284 - Root WebApplicationContext: initialization completed in 3592 ms
2020-08-28 17:05:02.550 INFO  springfox.documentation.spring.web.PropertySourcedRequestMappingHandlerMapping Line:69  - Mapped URL path [/v2/api-docs] onto method [public org.springframework.http.ResponseEntity<springfox.documentation.spring.web.json.Json> springfox.documentation.swagger2.web.Swagger2Controller.getDocumentation(java.lang.String,javax.servlet.http.HttpServletRequest)]
2020-08-28 17:05:02.925 INFO  org.springframework.scheduling.concurrent.ThreadPoolTaskExecutor Line:171 - Initializing ExecutorService 'applicationTaskExecutor'
2020-08-28 17:05:02.956 INFO  org.springframework.boot.devtools.autoconfigure.OptionalLiveReloadServer Line:57  - LiveReload server is running on port 35729
2020-08-28 17:05:02.988 INFO  org.springframework.boot.autoconfigure.web.servlet.WelcomePageHandlerMapping Line:54  - Adding welcome page: class path resource [static/index.html]
2020-08-28 17:05:03.738 INFO  springfox.documentation.spring.web.plugins.DocumentationPluginsBootstrapper Line:160 - Context refreshed
2020-08-28 17:05:03.753 INFO  springfox.documentation.spring.web.plugins.DocumentationPluginsBootstrapper Line:163 - Found 1 custom documentation plugin(s)
2020-08-28 17:05:03.753 INFO  springfox.documentation.spring.web.scanners.ApiListingReferenceScanner Line:41  - Scanning for api listing references
2020-08-28 17:05:03.909 INFO  org.springframework.boot.web.embedded.tomcat.TomcatWebServer Line:202 - Tomcat started on port(s): 8080 (http) with context path ''
2020-08-28 17:05:03.909 INFO  com.medsys.nis.NisApplication Line:59  - Started NisApplication in 7.139 seconds (JVM running for 3045.07)
2020-08-28 17:05:03.909 INFO  org.springframework.boot.devtools.autoconfigure.ConditionEvaluationDeltaLoggingListener Line:63  - Condition evaluation unchanged
2020-08-28 17:05:31.936 INFO  org.springframework.scheduling.concurrent.ThreadPoolTaskExecutor Line:208 - Shutting down ExecutorService 'applicationTaskExecutor'
2020-08-28 17:05:36.612 INFO  com.medsys.nis.NisApplication Line:50  - Starting NisApplication on DESKTOP-8O1I1KB with PID 14656 (D:\zwStudyWeb\newNISHT\target\classes started by Super in D:\zwStudyWeb\newNISHT)
2020-08-28 17:05:36.612 INFO  com.medsys.nis.NisApplication Line:651 - The following profiles are active: dev
2020-08-28 17:05:38.384 INFO  org.springframework.context.support.PostProcessorRegistrationDelegate$BeanPostProcessorChecker Line:330 - Bean 'shiroConfig' of type [com.medsys.nis.common.config.ShiroConfig$$EnhancerBySpringCGLIB$$a475fc53] is not eligible for getting processed by all BeanPostProcessors (for example: not eligible for auto-proxying)
2020-08-28 17:05:38.400 INFO  org.springframework.context.support.PostProcessorRegistrationDelegate$BeanPostProcessorChecker Line:330 - Bean 'loginServiceImpl' of type [com.medsys.nis.maintain.service.impl.LoginServiceImpl] is not eligible for getting processed by all BeanPostProcessors (for example: not eligible for auto-proxying)
2020-08-28 17:05:38.400 INFO  org.springframework.context.support.PostProcessorRegistrationDelegate$BeanPostProcessorChecker Line:330 - Bean 'myShiroRealm' of type [com.medsys.nis.realm.MyRealm] is not eligible for getting processed by all BeanPostProcessors (for example: not eligible for auto-proxying)
2020-08-28 17:05:38.400 INFO  org.springframework.context.support.PostProcessorRegistrationDelegate$BeanPostProcessorChecker Line:330 - Bean 'securityManager' of type [org.apache.shiro.web.mgt.DefaultWebSecurityManager] is not eligible for getting processed by all BeanPostProcessors (for example: not eligible for auto-proxying)
2020-08-28 17:05:38.415 INFO  org.springframework.context.support.PostProcessorRegistrationDelegate$BeanPostProcessorChecker Line:330 - Bean 'authorizationAttributeSourceAdvisor' of type [org.apache.shiro.spring.security.interceptor.AuthorizationAttributeSourceAdvisor] is not eligible for getting processed by all BeanPostProcessors (for example: not eligible for auto-proxying)
2020-08-28 17:05:38.415 INFO  org.springframework.context.support.PostProcessorRegistrationDelegate$BeanPostProcessorChecker Line:330 - Bean 'org.springframework.transaction.annotation.ProxyTransactionManagementConfiguration' of type [org.springframework.transaction.annotation.ProxyTransactionManagementConfiguration$$EnhancerBySpringCGLIB$$f685817a] is not eligible for getting processed by all BeanPostProcessors (for example: not eligible for auto-proxying)
2020-08-28 17:05:39.654 INFO  org.springframework.boot.web.embedded.tomcat.TomcatWebServer Line:90  - Tomcat initialized with port(s): 8080 (http)
2020-08-28 17:05:39.654 INFO  org.apache.catalina.core.StandardService Line:173 - Starting service [Tomcat]
2020-08-28 17:05:39.654 INFO  org.apache.catalina.core.StandardEngine Line:173 - Starting Servlet engine: [Apache Tomcat/9.0.22]
2020-08-28 17:05:40.072 INFO  org.apache.catalina.core.ContainerBase.[Tomcat].[localhost].[/] Line:173 - Initializing Spring embedded WebApplicationContext
2020-08-28 17:05:40.072 INFO  org.springframework.web.context.ContextLoader Line:284 - Root WebApplicationContext: initialization completed in 3444 ms
2020-08-28 17:05:41.379 INFO  springfox.documentation.spring.web.PropertySourcedRequestMappingHandlerMapping Line:69  - Mapped URL path [/v2/api-docs] onto method [public org.springframework.http.ResponseEntity<springfox.documentation.spring.web.json.Json> springfox.documentation.swagger2.web.Swagger2Controller.getDocumentation(java.lang.String,javax.servlet.http.HttpServletRequest)]
2020-08-28 17:05:41.770 INFO  org.springframework.scheduling.concurrent.ThreadPoolTaskExecutor Line:171 - Initializing ExecutorService 'applicationTaskExecutor'
2020-08-28 17:05:41.801 INFO  org.springframework.boot.devtools.autoconfigure.OptionalLiveReloadServer Line:57  - LiveReload server is running on port 35729
2020-08-28 17:05:41.832 INFO  org.springframework.boot.autoconfigure.web.servlet.WelcomePageHandlerMapping Line:54  - Adding welcome page: class path resource [static/index.html]
2020-08-28 17:05:42.958 INFO  springfox.documentation.spring.web.plugins.DocumentationPluginsBootstrapper Line:160 - Context refreshed
2020-08-28 17:05:42.974 INFO  springfox.documentation.spring.web.plugins.DocumentationPluginsBootstrapper Line:163 - Found 1 custom documentation plugin(s)
2020-08-28 17:05:43.020 INFO  springfox.documentation.spring.web.scanners.ApiListingReferenceScanner Line:41  - Scanning for api listing references
2020-08-28 17:05:43.364 INFO  org.springframework.boot.web.embedded.tomcat.TomcatWebServer Line:202 - Tomcat started on port(s): 8080 (http) with context path ''
2020-08-28 17:05:43.364 INFO  com.medsys.nis.NisApplication Line:59  - Started NisApplication in 6.877 seconds (JVM running for 3084.525)
2020-08-28 17:05:43.380 INFO  org.springframework.boot.devtools.autoconfigure.ConditionEvaluationDeltaLoggingListener Line:63  - Condition evaluation unchanged
2020-08-28 17:19:51.129 INFO  org.apache.catalina.core.ContainerBase.[Tomcat].[localhost].[/] Line:173 - Initializing Spring DispatcherServlet 'dispatcherServlet'
2020-08-28 17:19:51.135 INFO  org.springframework.web.servlet.DispatcherServlet Line:524 - Initializing Servlet 'dispatcherServlet'
2020-08-28 17:19:51.164 INFO  org.springframework.web.servlet.DispatcherServlet Line:546 - Completed initialization in 27 ms
