2020-08-01 13:12:11.218 INFO  com.medsys.nis.NisApplication Line:50  - Starting NisApplication on DESKTOP-8O1I1KB with PID 18480 (started by Super in D:\工作代码\newNIS后台)
2020-08-01 13:12:11.265 INFO  com.medsys.nis.NisApplication Line:647 - No active profile set, falling back to default profiles: default
2020-08-01 13:12:11.858 INFO  org.springframework.boot.devtools.env.DevToolsPropertyDefaultsPostProcessor Line:225 - Devtools property defaults active! Set 'spring.devtools.add-properties' to 'false' to disable
2020-08-01 13:12:11.905 INFO  org.springframework.boot.devtools.env.DevToolsPropertyDefaultsPostProcessor Line:225 - For additional web related logging consider setting the 'logging.level.web' property to 'DEBUG'
2020-08-01 13:12:14.690 INFO  org.springframework.context.support.PostProcessorRegistrationDelegate$BeanPostProcessorChecker Line:330 - Bean 'org.springframework.transaction.annotation.ProxyTransactionManagementConfiguration' of type [org.springframework.transaction.annotation.ProxyTransactionManagementConfiguration$$EnhancerBySpringCGLIB$$3bf0ae1c] is not eligible for getting processed by all BeanPostProcessors (for example: not eligible for auto-proxying)
2020-08-01 13:12:17.017 INFO  org.springframework.boot.web.embedded.tomcat.TomcatWebServer Line:90  - Tomcat initialized with port(s): 10090 (http)
2020-08-01 13:12:17.048 INFO  org.apache.catalina.core.StandardService Line:173 - Starting service [Tomcat]
2020-08-01 13:12:17.048 INFO  org.apache.catalina.core.StandardEngine Line:173 - Starting Servlet engine: [Apache Tomcat/9.0.22]
2020-08-01 13:12:17.360 INFO  org.apache.catalina.core.ContainerBase.[Tomcat].[localhost].[/] Line:173 - Initializing Spring embedded WebApplicationContext
2020-08-01 13:12:17.360 INFO  org.springframework.web.context.ContextLoader Line:284 - Root WebApplicationContext: initialization completed in 5408 ms
2020-08-01 13:12:18.658 INFO  springfox.documentation.spring.web.PropertySourcedRequestMappingHandlerMapping Line:69  - Mapped URL path [/v2/api-docs] onto method [public org.springframework.http.ResponseEntity<springfox.documentation.spring.web.json.Json> springfox.documentation.swagger2.web.Swagger2Controller.getDocumentation(java.lang.String,javax.servlet.http.HttpServletRequest)]
2020-08-01 13:12:18.986 INFO  org.springframework.scheduling.concurrent.ThreadPoolTaskExecutor Line:171 - Initializing ExecutorService 'applicationTaskExecutor'
2020-08-01 13:12:19.033 INFO  org.springframework.boot.devtools.autoconfigure.OptionalLiveReloadServer Line:57  - LiveReload server is running on port 35729
2020-08-01 13:12:19.470 INFO  springfox.documentation.spring.web.plugins.DocumentationPluginsBootstrapper Line:160 - Context refreshed
2020-08-01 13:12:19.501 INFO  springfox.documentation.spring.web.plugins.DocumentationPluginsBootstrapper Line:163 - Found 1 custom documentation plugin(s)
2020-08-01 13:12:19.548 INFO  springfox.documentation.spring.web.scanners.ApiListingReferenceScanner Line:41  - Scanning for api listing references
2020-08-01 13:12:19.986 INFO  org.springframework.boot.web.embedded.tomcat.TomcatWebServer Line:202 - Tomcat started on port(s): 10090 (http) with context path ''
2020-08-01 13:12:19.986 INFO  com.medsys.nis.NisApplication Line:59  - Started NisApplication in 9.753 seconds (JVM running for 12.907)
2020-08-01 15:32:57.120 ERROR org.activiti.engine.impl.cfg.ProcessEngineConfigurationImpl Line:681 - Exception while initializing Database connection
java.sql.SQLException: Error setting driver on UnpooledDataSource. Cause: java.lang.ClassNotFoundException: com.mysql.jdbc.Driver
	at org.apache.ibatis.datasource.unpooled.UnpooledDataSource.initializeDriver(UnpooledDataSource.java:241)
	at org.apache.ibatis.datasource.unpooled.UnpooledDataSource.doGetConnection(UnpooledDataSource.java:220)
	at org.apache.ibatis.datasource.unpooled.UnpooledDataSource.doGetConnection(UnpooledDataSource.java:216)
	at org.apache.ibatis.datasource.unpooled.UnpooledDataSource.getConnection(UnpooledDataSource.java:95)
	at org.apache.ibatis.datasource.pooled.PooledDataSource.popConnection(PooledDataSource.java:422)
	at org.apache.ibatis.datasource.pooled.PooledDataSource.getConnection(PooledDataSource.java:89)
	at org.activiti.engine.impl.cfg.ProcessEngineConfigurationImpl.initDatabaseType(ProcessEngineConfigurationImpl.java:670)
	at org.activiti.engine.impl.cfg.ProcessEngineConfigurationImpl.initDataSource(ProcessEngineConfigurationImpl.java:621)
	at org.activiti.engine.impl.cfg.ProcessEngineConfigurationImpl.init(ProcessEngineConfigurationImpl.java:454)
	at org.activiti.engine.impl.cfg.ProcessEngineConfigurationImpl.buildProcessEngine(ProcessEngineConfigurationImpl.java:426)
	at com.medsys.nis.test.ActivitiTest.testCreateProcessEngine(ActivitiTest.java:46)
	at com.medsys.nis.test.ActivitiTest.test(ActivitiTest.java:26)
	at sun.reflect.NativeMethodAccessorImpl.invoke0(Native Method)
	at sun.reflect.NativeMethodAccessorImpl.invoke(NativeMethodAccessorImpl.java:62)
	at sun.reflect.DelegatingMethodAccessorImpl.invoke(DelegatingMethodAccessorImpl.java:43)
	at java.lang.reflect.Method.invoke(Method.java:497)
	at org.junit.runners.model.FrameworkMethod$1.runReflectiveCall(FrameworkMethod.java:50)
	at org.junit.internal.runners.model.ReflectiveCallable.run(ReflectiveCallable.java:12)
	at org.junit.runners.model.FrameworkMethod.invokeExplosively(FrameworkMethod.java:47)
	at org.junit.internal.runners.statements.InvokeMethod.evaluate(InvokeMethod.java:17)
	at org.junit.runners.ParentRunner.runLeaf(ParentRunner.java:325)
	at org.junit.runners.BlockJUnit4ClassRunner.runChild(BlockJUnit4ClassRunner.java:78)
	at org.junit.runners.BlockJUnit4ClassRunner.runChild(BlockJUnit4ClassRunner.java:57)
	at org.junit.runners.ParentRunner$3.run(ParentRunner.java:290)
	at org.junit.runners.ParentRunner$1.schedule(ParentRunner.java:71)
	at org.junit.runners.ParentRunner.runChildren(ParentRunner.java:288)
	at org.junit.runners.ParentRunner.access$000(ParentRunner.java:58)
	at org.junit.runners.ParentRunner$2.evaluate(ParentRunner.java:268)
	at org.junit.runners.ParentRunner.run(ParentRunner.java:363)
	at org.junit.runner.JUnitCore.run(JUnitCore.java:137)
	at com.intellij.junit4.JUnit4IdeaTestRunner.startRunnerWithArgs(JUnit4IdeaTestRunner.java:68)
	at com.intellij.rt.execution.junit.IdeaTestRunner$Repeater.startRunnerWithArgs(IdeaTestRunner.java:51)
	at com.intellij.rt.execution.junit.JUnitStarter.prepareStreamsAndStart(JUnitStarter.java:237)
	at com.intellij.rt.execution.junit.JUnitStarter.main(JUnitStarter.java:70)
2020-08-01 15:39:50.822 ERROR org.activiti.engine.impl.cfg.ProcessEngineConfigurationImpl Line:681 - Exception while initializing Database connection
java.sql.SQLException: Access denied for user 'root'@'localhost' (using password: YES)
	at com.mysql.jdbc.SQLError.createSQLException(SQLError.java:998)
	at com.mysql.jdbc.MysqlIO.checkErrorPacket(MysqlIO.java:3835)
	at com.mysql.jdbc.MysqlIO.checkErrorPacket(MysqlIO.java:3771)
	at com.mysql.jdbc.MysqlIO.checkErrorPacket(MysqlIO.java:870)
	at com.mysql.jdbc.MysqlIO.proceedHandshakeWithPluggableAuthentication(MysqlIO.java:1659)
	at com.mysql.jdbc.MysqlIO.doHandshake(MysqlIO.java:1206)
	at com.mysql.jdbc.ConnectionImpl.coreConnect(ConnectionImpl.java:2239)
	at com.mysql.jdbc.ConnectionImpl.connectOneTryOnly(ConnectionImpl.java:2270)
	at com.mysql.jdbc.ConnectionImpl.createNewIO(ConnectionImpl.java:2069)
	at com.mysql.jdbc.ConnectionImpl.<init>(ConnectionImpl.java:794)
	at com.mysql.jdbc.JDBC4Connection.<init>(JDBC4Connection.java:44)
	at sun.reflect.NativeConstructorAccessorImpl.newInstance0(Native Method)
	at sun.reflect.NativeConstructorAccessorImpl.newInstance(NativeConstructorAccessorImpl.java:62)
	at sun.reflect.DelegatingConstructorAccessorImpl.newInstance(DelegatingConstructorAccessorImpl.java:45)
	at java.lang.reflect.Constructor.newInstance(Constructor.java:422)
	at com.mysql.jdbc.Util.handleNewInstance(Util.java:389)
	at com.mysql.jdbc.ConnectionImpl.getInstance(ConnectionImpl.java:399)
	at com.mysql.jdbc.NonRegisteringDriver.connect(NonRegisteringDriver.java:325)
	at java.sql.DriverManager.getConnection(DriverManager.java:664)
	at java.sql.DriverManager.getConnection(DriverManager.java:208)
	at org.apache.ibatis.datasource.unpooled.UnpooledDataSource.doGetConnection(UnpooledDataSource.java:221)
	at org.apache.ibatis.datasource.unpooled.UnpooledDataSource.doGetConnection(UnpooledDataSource.java:216)
	at org.apache.ibatis.datasource.unpooled.UnpooledDataSource.getConnection(UnpooledDataSource.java:95)
	at org.apache.ibatis.datasource.pooled.PooledDataSource.popConnection(PooledDataSource.java:422)
	at org.apache.ibatis.datasource.pooled.PooledDataSource.getConnection(PooledDataSource.java:89)
	at org.activiti.engine.impl.cfg.ProcessEngineConfigurationImpl.initDatabaseType(ProcessEngineConfigurationImpl.java:670)
	at org.activiti.engine.impl.cfg.ProcessEngineConfigurationImpl.initDataSource(ProcessEngineConfigurationImpl.java:621)
	at org.activiti.engine.impl.cfg.ProcessEngineConfigurationImpl.init(ProcessEngineConfigurationImpl.java:454)
	at org.activiti.engine.impl.cfg.ProcessEngineConfigurationImpl.buildProcessEngine(ProcessEngineConfigurationImpl.java:426)
	at com.medsys.nis.test.ActivitiTest.testCreateProcessEngine(ActivitiTest.java:46)
	at com.medsys.nis.test.ActivitiTest.test(ActivitiTest.java:26)
	at sun.reflect.NativeMethodAccessorImpl.invoke0(Native Method)
	at sun.reflect.NativeMethodAccessorImpl.invoke(NativeMethodAccessorImpl.java:62)
	at sun.reflect.DelegatingMethodAccessorImpl.invoke(DelegatingMethodAccessorImpl.java:43)
	at java.lang.reflect.Method.invoke(Method.java:497)
	at org.junit.runners.model.FrameworkMethod$1.runReflectiveCall(FrameworkMethod.java:50)
	at org.junit.internal.runners.model.ReflectiveCallable.run(ReflectiveCallable.java:12)
	at org.junit.runners.model.FrameworkMethod.invokeExplosively(FrameworkMethod.java:47)
	at org.junit.internal.runners.statements.InvokeMethod.evaluate(InvokeMethod.java:17)
	at org.junit.runners.ParentRunner.runLeaf(ParentRunner.java:325)
	at org.junit.runners.BlockJUnit4ClassRunner.runChild(BlockJUnit4ClassRunner.java:78)
	at org.junit.runners.BlockJUnit4ClassRunner.runChild(BlockJUnit4ClassRunner.java:57)
	at org.junit.runners.ParentRunner$3.run(ParentRunner.java:290)
	at org.junit.runners.ParentRunner$1.schedule(ParentRunner.java:71)
	at org.junit.runners.ParentRunner.runChildren(ParentRunner.java:288)
	at org.junit.runners.ParentRunner.access$000(ParentRunner.java:58)
	at org.junit.runners.ParentRunner$2.evaluate(ParentRunner.java:268)
	at org.junit.runners.ParentRunner.run(ParentRunner.java:363)
	at org.junit.runner.JUnitCore.run(JUnitCore.java:137)
	at com.intellij.junit4.JUnit4IdeaTestRunner.startRunnerWithArgs(JUnit4IdeaTestRunner.java:68)
	at com.intellij.rt.execution.junit.IdeaTestRunner$Repeater.startRunnerWithArgs(IdeaTestRunner.java:51)
	at com.intellij.rt.execution.junit.JUnitStarter.prepareStreamsAndStart(JUnitStarter.java:237)
	at com.intellij.rt.execution.junit.JUnitStarter.main(JUnitStarter.java:70)
2020-08-01 15:40:34.288 ERROR org.activiti.engine.impl.cfg.ProcessEngineConfigurationImpl Line:681 - Exception while initializing Database connection
java.sql.SQLException: Access denied for user 'root'@'localhost' (using password: YES)
	at com.mysql.jdbc.SQLError.createSQLException(SQLError.java:998)
	at com.mysql.jdbc.MysqlIO.checkErrorPacket(MysqlIO.java:3835)
	at com.mysql.jdbc.MysqlIO.checkErrorPacket(MysqlIO.java:3771)
	at com.mysql.jdbc.MysqlIO.checkErrorPacket(MysqlIO.java:870)
	at com.mysql.jdbc.MysqlIO.proceedHandshakeWithPluggableAuthentication(MysqlIO.java:1659)
	at com.mysql.jdbc.MysqlIO.doHandshake(MysqlIO.java:1206)
	at com.mysql.jdbc.ConnectionImpl.coreConnect(ConnectionImpl.java:2239)
	at com.mysql.jdbc.ConnectionImpl.connectOneTryOnly(ConnectionImpl.java:2270)
	at com.mysql.jdbc.ConnectionImpl.createNewIO(ConnectionImpl.java:2069)
	at com.mysql.jdbc.ConnectionImpl.<init>(ConnectionImpl.java:794)
	at com.mysql.jdbc.JDBC4Connection.<init>(JDBC4Connection.java:44)
	at sun.reflect.NativeConstructorAccessorImpl.newInstance0(Native Method)
	at sun.reflect.NativeConstructorAccessorImpl.newInstance(NativeConstructorAccessorImpl.java:62)
	at sun.reflect.DelegatingConstructorAccessorImpl.newInstance(DelegatingConstructorAccessorImpl.java:45)
	at java.lang.reflect.Constructor.newInstance(Constructor.java:422)
	at com.mysql.jdbc.Util.handleNewInstance(Util.java:389)
	at com.mysql.jdbc.ConnectionImpl.getInstance(ConnectionImpl.java:399)
	at com.mysql.jdbc.NonRegisteringDriver.connect(NonRegisteringDriver.java:325)
	at java.sql.DriverManager.getConnection(DriverManager.java:664)
	at java.sql.DriverManager.getConnection(DriverManager.java:208)
	at org.apache.ibatis.datasource.unpooled.UnpooledDataSource.doGetConnection(UnpooledDataSource.java:221)
	at org.apache.ibatis.datasource.unpooled.UnpooledDataSource.doGetConnection(UnpooledDataSource.java:216)
	at org.apache.ibatis.datasource.unpooled.UnpooledDataSource.getConnection(UnpooledDataSource.java:95)
	at org.apache.ibatis.datasource.pooled.PooledDataSource.popConnection(PooledDataSource.java:422)
	at org.apache.ibatis.datasource.pooled.PooledDataSource.getConnection(PooledDataSource.java:89)
	at org.activiti.engine.impl.cfg.ProcessEngineConfigurationImpl.initDatabaseType(ProcessEngineConfigurationImpl.java:670)
	at org.activiti.engine.impl.cfg.ProcessEngineConfigurationImpl.initDataSource(ProcessEngineConfigurationImpl.java:621)
	at org.activiti.engine.impl.cfg.ProcessEngineConfigurationImpl.init(ProcessEngineConfigurationImpl.java:454)
	at org.activiti.engine.impl.cfg.ProcessEngineConfigurationImpl.buildProcessEngine(ProcessEngineConfigurationImpl.java:426)
	at com.medsys.nis.test.ActivitiTest.testCreateProcessEngine(ActivitiTest.java:46)
	at com.medsys.nis.test.ActivitiTest.test(ActivitiTest.java:26)
	at sun.reflect.NativeMethodAccessorImpl.invoke0(Native Method)
	at sun.reflect.NativeMethodAccessorImpl.invoke(NativeMethodAccessorImpl.java:62)
	at sun.reflect.DelegatingMethodAccessorImpl.invoke(DelegatingMethodAccessorImpl.java:43)
	at java.lang.reflect.Method.invoke(Method.java:497)
	at org.junit.runners.model.FrameworkMethod$1.runReflectiveCall(FrameworkMethod.java:50)
	at org.junit.internal.runners.model.ReflectiveCallable.run(ReflectiveCallable.java:12)
	at org.junit.runners.model.FrameworkMethod.invokeExplosively(FrameworkMethod.java:47)
	at org.junit.internal.runners.statements.InvokeMethod.evaluate(InvokeMethod.java:17)
	at org.junit.runners.ParentRunner.runLeaf(ParentRunner.java:325)
	at org.junit.runners.BlockJUnit4ClassRunner.runChild(BlockJUnit4ClassRunner.java:78)
	at org.junit.runners.BlockJUnit4ClassRunner.runChild(BlockJUnit4ClassRunner.java:57)
	at org.junit.runners.ParentRunner$3.run(ParentRunner.java:290)
	at org.junit.runners.ParentRunner$1.schedule(ParentRunner.java:71)
	at org.junit.runners.ParentRunner.runChildren(ParentRunner.java:288)
	at org.junit.runners.ParentRunner.access$000(ParentRunner.java:58)
	at org.junit.runners.ParentRunner$2.evaluate(ParentRunner.java:268)
	at org.junit.runners.ParentRunner.run(ParentRunner.java:363)
	at org.junit.runner.JUnitCore.run(JUnitCore.java:137)
	at com.intellij.junit4.JUnit4IdeaTestRunner.startRunnerWithArgs(JUnit4IdeaTestRunner.java:68)
	at com.intellij.rt.execution.junit.IdeaTestRunner$Repeater.startRunnerWithArgs(IdeaTestRunner.java:51)
	at com.intellij.rt.execution.junit.JUnitStarter.prepareStreamsAndStart(JUnitStarter.java:237)
	at com.intellij.rt.execution.junit.JUnitStarter.main(JUnitStarter.java:70)
2020-08-01 15:41:40.648 ERROR org.activiti.engine.impl.cfg.ProcessEngineConfigurationImpl Line:681 - Exception while initializing Database connection
java.sql.SQLException: Access denied for user 'root'@'localhost' (using password: YES)
	at com.mysql.jdbc.SQLError.createSQLException(SQLError.java:998)
	at com.mysql.jdbc.MysqlIO.checkErrorPacket(MysqlIO.java:3835)
	at com.mysql.jdbc.MysqlIO.checkErrorPacket(MysqlIO.java:3771)
	at com.mysql.jdbc.MysqlIO.checkErrorPacket(MysqlIO.java:870)
	at com.mysql.jdbc.MysqlIO.proceedHandshakeWithPluggableAuthentication(MysqlIO.java:1659)
	at com.mysql.jdbc.MysqlIO.doHandshake(MysqlIO.java:1206)
	at com.mysql.jdbc.ConnectionImpl.coreConnect(ConnectionImpl.java:2239)
	at com.mysql.jdbc.ConnectionImpl.connectOneTryOnly(ConnectionImpl.java:2270)
	at com.mysql.jdbc.ConnectionImpl.createNewIO(ConnectionImpl.java:2069)
	at com.mysql.jdbc.ConnectionImpl.<init>(ConnectionImpl.java:794)
	at com.mysql.jdbc.JDBC4Connection.<init>(JDBC4Connection.java:44)
	at sun.reflect.NativeConstructorAccessorImpl.newInstance0(Native Method)
	at sun.reflect.NativeConstructorAccessorImpl.newInstance(NativeConstructorAccessorImpl.java:62)
	at sun.reflect.DelegatingConstructorAccessorImpl.newInstance(DelegatingConstructorAccessorImpl.java:45)
	at java.lang.reflect.Constructor.newInstance(Constructor.java:422)
	at com.mysql.jdbc.Util.handleNewInstance(Util.java:389)
	at com.mysql.jdbc.ConnectionImpl.getInstance(ConnectionImpl.java:399)
	at com.mysql.jdbc.NonRegisteringDriver.connect(NonRegisteringDriver.java:325)
	at java.sql.DriverManager.getConnection(DriverManager.java:664)
	at java.sql.DriverManager.getConnection(DriverManager.java:208)
	at org.apache.ibatis.datasource.unpooled.UnpooledDataSource.doGetConnection(UnpooledDataSource.java:221)
	at org.apache.ibatis.datasource.unpooled.UnpooledDataSource.doGetConnection(UnpooledDataSource.java:216)
	at org.apache.ibatis.datasource.unpooled.UnpooledDataSource.getConnection(UnpooledDataSource.java:95)
	at org.apache.ibatis.datasource.pooled.PooledDataSource.popConnection(PooledDataSource.java:422)
	at org.apache.ibatis.datasource.pooled.PooledDataSource.getConnection(PooledDataSource.java:89)
	at org.activiti.engine.impl.cfg.ProcessEngineConfigurationImpl.initDatabaseType(ProcessEngineConfigurationImpl.java:670)
	at org.activiti.engine.impl.cfg.ProcessEngineConfigurationImpl.initDataSource(ProcessEngineConfigurationImpl.java:621)
	at org.activiti.engine.impl.cfg.ProcessEngineConfigurationImpl.init(ProcessEngineConfigurationImpl.java:454)
	at org.activiti.engine.impl.cfg.ProcessEngineConfigurationImpl.buildProcessEngine(ProcessEngineConfigurationImpl.java:426)
	at com.medsys.nis.test.ActivitiTest.testCreateProcessEngine(ActivitiTest.java:46)
	at com.medsys.nis.test.ActivitiTest.test(ActivitiTest.java:26)
	at sun.reflect.NativeMethodAccessorImpl.invoke0(Native Method)
	at sun.reflect.NativeMethodAccessorImpl.invoke(NativeMethodAccessorImpl.java:62)
	at sun.reflect.DelegatingMethodAccessorImpl.invoke(DelegatingMethodAccessorImpl.java:43)
	at java.lang.reflect.Method.invoke(Method.java:497)
	at org.junit.runners.model.FrameworkMethod$1.runReflectiveCall(FrameworkMethod.java:50)
	at org.junit.internal.runners.model.ReflectiveCallable.run(ReflectiveCallable.java:12)
	at org.junit.runners.model.FrameworkMethod.invokeExplosively(FrameworkMethod.java:47)
	at org.junit.internal.runners.statements.InvokeMethod.evaluate(InvokeMethod.java:17)
	at org.junit.runners.ParentRunner.runLeaf(ParentRunner.java:325)
	at org.junit.runners.BlockJUnit4ClassRunner.runChild(BlockJUnit4ClassRunner.java:78)
	at org.junit.runners.BlockJUnit4ClassRunner.runChild(BlockJUnit4ClassRunner.java:57)
	at org.junit.runners.ParentRunner$3.run(ParentRunner.java:290)
	at org.junit.runners.ParentRunner$1.schedule(ParentRunner.java:71)
	at org.junit.runners.ParentRunner.runChildren(ParentRunner.java:288)
	at org.junit.runners.ParentRunner.access$000(ParentRunner.java:58)
	at org.junit.runners.ParentRunner$2.evaluate(ParentRunner.java:268)
	at org.junit.runners.ParentRunner.run(ParentRunner.java:363)
	at org.junit.runner.JUnitCore.run(JUnitCore.java:137)
	at com.intellij.junit4.JUnit4IdeaTestRunner.startRunnerWithArgs(JUnit4IdeaTestRunner.java:68)
	at com.intellij.rt.execution.junit.IdeaTestRunner$Repeater.startRunnerWithArgs(IdeaTestRunner.java:51)
	at com.intellij.rt.execution.junit.JUnitStarter.prepareStreamsAndStart(JUnitStarter.java:237)
	at com.intellij.rt.execution.junit.JUnitStarter.main(JUnitStarter.java:70)
2020-08-01 15:42:41.416 ERROR org.activiti.engine.impl.cfg.ProcessEngineConfigurationImpl Line:681 - Exception while initializing Database connection
java.sql.SQLException: Access denied for user 'root'@'localhost' (using password: YES)
	at com.mysql.jdbc.SQLError.createSQLException(SQLError.java:998)
	at com.mysql.jdbc.MysqlIO.checkErrorPacket(MysqlIO.java:3835)
	at com.mysql.jdbc.MysqlIO.checkErrorPacket(MysqlIO.java:3771)
	at com.mysql.jdbc.MysqlIO.checkErrorPacket(MysqlIO.java:870)
	at com.mysql.jdbc.MysqlIO.proceedHandshakeWithPluggableAuthentication(MysqlIO.java:1659)
	at com.mysql.jdbc.MysqlIO.doHandshake(MysqlIO.java:1206)
	at com.mysql.jdbc.ConnectionImpl.coreConnect(ConnectionImpl.java:2239)
	at com.mysql.jdbc.ConnectionImpl.connectOneTryOnly(ConnectionImpl.java:2270)
	at com.mysql.jdbc.ConnectionImpl.createNewIO(ConnectionImpl.java:2069)
	at com.mysql.jdbc.ConnectionImpl.<init>(ConnectionImpl.java:794)
	at com.mysql.jdbc.JDBC4Connection.<init>(JDBC4Connection.java:44)
	at sun.reflect.NativeConstructorAccessorImpl.newInstance0(Native Method)
	at sun.reflect.NativeConstructorAccessorImpl.newInstance(NativeConstructorAccessorImpl.java:62)
	at sun.reflect.DelegatingConstructorAccessorImpl.newInstance(DelegatingConstructorAccessorImpl.java:45)
	at java.lang.reflect.Constructor.newInstance(Constructor.java:422)
	at com.mysql.jdbc.Util.handleNewInstance(Util.java:389)
	at com.mysql.jdbc.ConnectionImpl.getInstance(ConnectionImpl.java:399)
	at com.mysql.jdbc.NonRegisteringDriver.connect(NonRegisteringDriver.java:325)
	at java.sql.DriverManager.getConnection(DriverManager.java:664)
	at java.sql.DriverManager.getConnection(DriverManager.java:208)
	at org.apache.ibatis.datasource.unpooled.UnpooledDataSource.doGetConnection(UnpooledDataSource.java:221)
	at org.apache.ibatis.datasource.unpooled.UnpooledDataSource.doGetConnection(UnpooledDataSource.java:216)
	at org.apache.ibatis.datasource.unpooled.UnpooledDataSource.getConnection(UnpooledDataSource.java:95)
	at org.apache.ibatis.datasource.pooled.PooledDataSource.popConnection(PooledDataSource.java:422)
	at org.apache.ibatis.datasource.pooled.PooledDataSource.getConnection(PooledDataSource.java:89)
	at org.activiti.engine.impl.cfg.ProcessEngineConfigurationImpl.initDatabaseType(ProcessEngineConfigurationImpl.java:670)
	at org.activiti.engine.impl.cfg.ProcessEngineConfigurationImpl.initDataSource(ProcessEngineConfigurationImpl.java:621)
	at org.activiti.engine.impl.cfg.ProcessEngineConfigurationImpl.init(ProcessEngineConfigurationImpl.java:454)
	at org.activiti.engine.impl.cfg.ProcessEngineConfigurationImpl.buildProcessEngine(ProcessEngineConfigurationImpl.java:426)
	at com.medsys.nis.test.ActivitiTest.testCreateProcessEngine(ActivitiTest.java:46)
	at com.medsys.nis.test.ActivitiTest.test(ActivitiTest.java:26)
	at sun.reflect.NativeMethodAccessorImpl.invoke0(Native Method)
	at sun.reflect.NativeMethodAccessorImpl.invoke(NativeMethodAccessorImpl.java:62)
	at sun.reflect.DelegatingMethodAccessorImpl.invoke(DelegatingMethodAccessorImpl.java:43)
	at java.lang.reflect.Method.invoke(Method.java:497)
	at org.junit.runners.model.FrameworkMethod$1.runReflectiveCall(FrameworkMethod.java:50)
	at org.junit.internal.runners.model.ReflectiveCallable.run(ReflectiveCallable.java:12)
	at org.junit.runners.model.FrameworkMethod.invokeExplosively(FrameworkMethod.java:47)
	at org.junit.internal.runners.statements.InvokeMethod.evaluate(InvokeMethod.java:17)
	at org.junit.runners.ParentRunner.runLeaf(ParentRunner.java:325)
	at org.junit.runners.BlockJUnit4ClassRunner.runChild(BlockJUnit4ClassRunner.java:78)
	at org.junit.runners.BlockJUnit4ClassRunner.runChild(BlockJUnit4ClassRunner.java:57)
	at org.junit.runners.ParentRunner$3.run(ParentRunner.java:290)
	at org.junit.runners.ParentRunner$1.schedule(ParentRunner.java:71)
	at org.junit.runners.ParentRunner.runChildren(ParentRunner.java:288)
	at org.junit.runners.ParentRunner.access$000(ParentRunner.java:58)
	at org.junit.runners.ParentRunner$2.evaluate(ParentRunner.java:268)
	at org.junit.runners.ParentRunner.run(ParentRunner.java:363)
	at org.junit.runner.JUnitCore.run(JUnitCore.java:137)
	at com.intellij.junit4.JUnit4IdeaTestRunner.startRunnerWithArgs(JUnit4IdeaTestRunner.java:68)
	at com.intellij.rt.execution.junit.IdeaTestRunner$Repeater.startRunnerWithArgs(IdeaTestRunner.java:51)
	at com.intellij.rt.execution.junit.JUnitStarter.prepareStreamsAndStart(JUnitStarter.java:237)
	at com.intellij.rt.execution.junit.JUnitStarter.main(JUnitStarter.java:70)
2020-08-01 15:43:50.477 ERROR org.activiti.engine.impl.cfg.ProcessEngineConfigurationImpl Line:681 - Exception while initializing Database connection
java.sql.SQLException: Access denied for user 'root'@'localhost' (using password: YES)
	at com.mysql.jdbc.SQLError.createSQLException(SQLError.java:998)
	at com.mysql.jdbc.MysqlIO.checkErrorPacket(MysqlIO.java:3835)
	at com.mysql.jdbc.MysqlIO.checkErrorPacket(MysqlIO.java:3771)
	at com.mysql.jdbc.MysqlIO.checkErrorPacket(MysqlIO.java:870)
	at com.mysql.jdbc.MysqlIO.proceedHandshakeWithPluggableAuthentication(MysqlIO.java:1659)
	at com.mysql.jdbc.MysqlIO.doHandshake(MysqlIO.java:1206)
	at com.mysql.jdbc.ConnectionImpl.coreConnect(ConnectionImpl.java:2239)
	at com.mysql.jdbc.ConnectionImpl.connectOneTryOnly(ConnectionImpl.java:2270)
	at com.mysql.jdbc.ConnectionImpl.createNewIO(ConnectionImpl.java:2069)
	at com.mysql.jdbc.ConnectionImpl.<init>(ConnectionImpl.java:794)
	at com.mysql.jdbc.JDBC4Connection.<init>(JDBC4Connection.java:44)
	at sun.reflect.NativeConstructorAccessorImpl.newInstance0(Native Method)
	at sun.reflect.NativeConstructorAccessorImpl.newInstance(NativeConstructorAccessorImpl.java:62)
	at sun.reflect.DelegatingConstructorAccessorImpl.newInstance(DelegatingConstructorAccessorImpl.java:45)
	at java.lang.reflect.Constructor.newInstance(Constructor.java:422)
	at com.mysql.jdbc.Util.handleNewInstance(Util.java:389)
	at com.mysql.jdbc.ConnectionImpl.getInstance(ConnectionImpl.java:399)
	at com.mysql.jdbc.NonRegisteringDriver.connect(NonRegisteringDriver.java:325)
	at java.sql.DriverManager.getConnection(DriverManager.java:664)
	at java.sql.DriverManager.getConnection(DriverManager.java:208)
	at org.apache.ibatis.datasource.unpooled.UnpooledDataSource.doGetConnection(UnpooledDataSource.java:221)
	at org.apache.ibatis.datasource.unpooled.UnpooledDataSource.doGetConnection(UnpooledDataSource.java:216)
	at org.apache.ibatis.datasource.unpooled.UnpooledDataSource.getConnection(UnpooledDataSource.java:95)
	at org.apache.ibatis.datasource.pooled.PooledDataSource.popConnection(PooledDataSource.java:422)
	at org.apache.ibatis.datasource.pooled.PooledDataSource.getConnection(PooledDataSource.java:89)
	at org.activiti.engine.impl.cfg.ProcessEngineConfigurationImpl.initDatabaseType(ProcessEngineConfigurationImpl.java:670)
	at org.activiti.engine.impl.cfg.ProcessEngineConfigurationImpl.initDataSource(ProcessEngineConfigurationImpl.java:621)
	at org.activiti.engine.impl.cfg.ProcessEngineConfigurationImpl.init(ProcessEngineConfigurationImpl.java:454)
	at org.activiti.engine.impl.cfg.ProcessEngineConfigurationImpl.buildProcessEngine(ProcessEngineConfigurationImpl.java:426)
	at com.medsys.nis.test.ActivitiTest.testCreateProcessEngine(ActivitiTest.java:46)
	at com.medsys.nis.test.ActivitiTest.test(ActivitiTest.java:26)
	at sun.reflect.NativeMethodAccessorImpl.invoke0(Native Method)
	at sun.reflect.NativeMethodAccessorImpl.invoke(NativeMethodAccessorImpl.java:62)
	at sun.reflect.DelegatingMethodAccessorImpl.invoke(DelegatingMethodAccessorImpl.java:43)
	at java.lang.reflect.Method.invoke(Method.java:497)
	at org.junit.runners.model.FrameworkMethod$1.runReflectiveCall(FrameworkMethod.java:50)
	at org.junit.internal.runners.model.ReflectiveCallable.run(ReflectiveCallable.java:12)
	at org.junit.runners.model.FrameworkMethod.invokeExplosively(FrameworkMethod.java:47)
	at org.junit.internal.runners.statements.InvokeMethod.evaluate(InvokeMethod.java:17)
	at org.junit.runners.ParentRunner.runLeaf(ParentRunner.java:325)
	at org.junit.runners.BlockJUnit4ClassRunner.runChild(BlockJUnit4ClassRunner.java:78)
	at org.junit.runners.BlockJUnit4ClassRunner.runChild(BlockJUnit4ClassRunner.java:57)
	at org.junit.runners.ParentRunner$3.run(ParentRunner.java:290)
	at org.junit.runners.ParentRunner$1.schedule(ParentRunner.java:71)
	at org.junit.runners.ParentRunner.runChildren(ParentRunner.java:288)
	at org.junit.runners.ParentRunner.access$000(ParentRunner.java:58)
	at org.junit.runners.ParentRunner$2.evaluate(ParentRunner.java:268)
	at org.junit.runners.ParentRunner.run(ParentRunner.java:363)
	at org.junit.runner.JUnitCore.run(JUnitCore.java:137)
	at com.intellij.junit4.JUnit4IdeaTestRunner.startRunnerWithArgs(JUnit4IdeaTestRunner.java:68)
	at com.intellij.rt.execution.junit.IdeaTestRunner$Repeater.startRunnerWithArgs(IdeaTestRunner.java:51)
	at com.intellij.rt.execution.junit.JUnitStarter.prepareStreamsAndStart(JUnitStarter.java:237)
	at com.intellij.rt.execution.junit.JUnitStarter.main(JUnitStarter.java:70)
2020-08-01 15:47:03.397 ERROR org.activiti.engine.impl.cfg.ProcessEngineConfigurationImpl Line:681 - Exception while initializing Database connection
java.sql.SQLException: Access denied for user 'root'@'localhost' (using password: YES)
	at com.mysql.jdbc.SQLError.createSQLException(SQLError.java:998)
	at com.mysql.jdbc.MysqlIO.checkErrorPacket(MysqlIO.java:3835)
	at com.mysql.jdbc.MysqlIO.checkErrorPacket(MysqlIO.java:3771)
	at com.mysql.jdbc.MysqlIO.checkErrorPacket(MysqlIO.java:870)
	at com.mysql.jdbc.MysqlIO.proceedHandshakeWithPluggableAuthentication(MysqlIO.java:1659)
	at com.mysql.jdbc.MysqlIO.doHandshake(MysqlIO.java:1206)
	at com.mysql.jdbc.ConnectionImpl.coreConnect(ConnectionImpl.java:2239)
	at com.mysql.jdbc.ConnectionImpl.connectOneTryOnly(ConnectionImpl.java:2270)
	at com.mysql.jdbc.ConnectionImpl.createNewIO(ConnectionImpl.java:2069)
	at com.mysql.jdbc.ConnectionImpl.<init>(ConnectionImpl.java:794)
	at com.mysql.jdbc.JDBC4Connection.<init>(JDBC4Connection.java:44)
	at sun.reflect.NativeConstructorAccessorImpl.newInstance0(Native Method)
	at sun.reflect.NativeConstructorAccessorImpl.newInstance(NativeConstructorAccessorImpl.java:62)
	at sun.reflect.DelegatingConstructorAccessorImpl.newInstance(DelegatingConstructorAccessorImpl.java:45)
	at java.lang.reflect.Constructor.newInstance(Constructor.java:422)
	at com.mysql.jdbc.Util.handleNewInstance(Util.java:389)
	at com.mysql.jdbc.ConnectionImpl.getInstance(ConnectionImpl.java:399)
	at com.mysql.jdbc.NonRegisteringDriver.connect(NonRegisteringDriver.java:325)
	at java.sql.DriverManager.getConnection(DriverManager.java:664)
	at java.sql.DriverManager.getConnection(DriverManager.java:208)
	at org.apache.ibatis.datasource.unpooled.UnpooledDataSource.doGetConnection(UnpooledDataSource.java:221)
	at org.apache.ibatis.datasource.unpooled.UnpooledDataSource.doGetConnection(UnpooledDataSource.java:216)
	at org.apache.ibatis.datasource.unpooled.UnpooledDataSource.getConnection(UnpooledDataSource.java:95)
	at org.apache.ibatis.datasource.pooled.PooledDataSource.popConnection(PooledDataSource.java:422)
	at org.apache.ibatis.datasource.pooled.PooledDataSource.getConnection(PooledDataSource.java:89)
	at org.activiti.engine.impl.cfg.ProcessEngineConfigurationImpl.initDatabaseType(ProcessEngineConfigurationImpl.java:670)
	at org.activiti.engine.impl.cfg.ProcessEngineConfigurationImpl.initDataSource(ProcessEngineConfigurationImpl.java:621)
	at org.activiti.engine.impl.cfg.ProcessEngineConfigurationImpl.init(ProcessEngineConfigurationImpl.java:454)
	at org.activiti.engine.impl.cfg.ProcessEngineConfigurationImpl.buildProcessEngine(ProcessEngineConfigurationImpl.java:426)
	at com.medsys.nis.test.ActivitiTest.testCreateProcessEngine(ActivitiTest.java:46)
	at com.medsys.nis.test.ActivitiTest.test(ActivitiTest.java:26)
	at sun.reflect.NativeMethodAccessorImpl.invoke0(Native Method)
	at sun.reflect.NativeMethodAccessorImpl.invoke(NativeMethodAccessorImpl.java:62)
	at sun.reflect.DelegatingMethodAccessorImpl.invoke(DelegatingMethodAccessorImpl.java:43)
	at java.lang.reflect.Method.invoke(Method.java:497)
	at org.junit.runners.model.FrameworkMethod$1.runReflectiveCall(FrameworkMethod.java:50)
	at org.junit.internal.runners.model.ReflectiveCallable.run(ReflectiveCallable.java:12)
	at org.junit.runners.model.FrameworkMethod.invokeExplosively(FrameworkMethod.java:47)
	at org.junit.internal.runners.statements.InvokeMethod.evaluate(InvokeMethod.java:17)
	at org.junit.runners.ParentRunner.runLeaf(ParentRunner.java:325)
	at org.junit.runners.BlockJUnit4ClassRunner.runChild(BlockJUnit4ClassRunner.java:78)
	at org.junit.runners.BlockJUnit4ClassRunner.runChild(BlockJUnit4ClassRunner.java:57)
	at org.junit.runners.ParentRunner$3.run(ParentRunner.java:290)
	at org.junit.runners.ParentRunner$1.schedule(ParentRunner.java:71)
	at org.junit.runners.ParentRunner.runChildren(ParentRunner.java:288)
	at org.junit.runners.ParentRunner.access$000(ParentRunner.java:58)
	at org.junit.runners.ParentRunner$2.evaluate(ParentRunner.java:268)
	at org.junit.runners.ParentRunner.run(ParentRunner.java:363)
	at org.junit.runner.JUnitCore.run(JUnitCore.java:137)
	at com.intellij.junit4.JUnit4IdeaTestRunner.startRunnerWithArgs(JUnit4IdeaTestRunner.java:68)
	at com.intellij.rt.execution.junit.IdeaTestRunner$Repeater.startRunnerWithArgs(IdeaTestRunner.java:51)
	at com.intellij.rt.execution.junit.JUnitStarter.prepareStreamsAndStart(JUnitStarter.java:237)
	at com.intellij.rt.execution.junit.JUnitStarter.main(JUnitStarter.java:70)
