2020-08-04 09:11:44.706 ERROR org.activiti.engine.impl.cfg.ProcessEngineConfigurationImpl Line:681 - Exception while initializing Database connection
java.sql.SQLException: Access denied for user 'root'@'localhost' (using password: YES)
	at com.mysql.jdbc.SQLError.createSQLException(SQLError.java:998)
	at com.mysql.jdbc.MysqlIO.checkErrorPacket(MysqlIO.java:3835)
	at com.mysql.jdbc.MysqlIO.checkErrorPacket(MysqlIO.java:3771)
	at com.mysql.jdbc.MysqlIO.checkErrorPacket(MysqlIO.java:870)
	at com.mysql.jdbc.MysqlIO.proceedHandshakeWithPluggableAuthentication(MysqlIO.java:1659)
	at com.mysql.jdbc.MysqlIO.doHandshake(MysqlIO.java:1206)
	at com.mysql.jdbc.ConnectionImpl.coreConnect(ConnectionImpl.java:2239)
	at com.mysql.jdbc.ConnectionImpl.connectOneTryOnly(ConnectionImpl.java:2270)
	at com.mysql.jdbc.ConnectionImpl.createNewIO(ConnectionImpl.java:2069)
	at com.mysql.jdbc.ConnectionImpl.<init>(ConnectionImpl.java:794)
	at com.mysql.jdbc.JDBC4Connection.<init>(JDBC4Connection.java:44)
	at sun.reflect.NativeConstructorAccessorImpl.newInstance0(Native Method)
	at sun.reflect.NativeConstructorAccessorImpl.newInstance(NativeConstructorAccessorImpl.java:62)
	at sun.reflect.DelegatingConstructorAccessorImpl.newInstance(DelegatingConstructorAccessorImpl.java:45)
	at java.lang.reflect.Constructor.newInstance(Constructor.java:422)
	at com.mysql.jdbc.Util.handleNewInstance(Util.java:389)
	at com.mysql.jdbc.ConnectionImpl.getInstance(ConnectionImpl.java:399)
	at com.mysql.jdbc.NonRegisteringDriver.connect(NonRegisteringDriver.java:325)
	at java.sql.DriverManager.getConnection(DriverManager.java:664)
	at java.sql.DriverManager.getConnection(DriverManager.java:208)
	at org.apache.ibatis.datasource.unpooled.UnpooledDataSource.doGetConnection(UnpooledDataSource.java:221)
	at org.apache.ibatis.datasource.unpooled.UnpooledDataSource.doGetConnection(UnpooledDataSource.java:216)
	at org.apache.ibatis.datasource.unpooled.UnpooledDataSource.getConnection(UnpooledDataSource.java:95)
	at org.apache.ibatis.datasource.pooled.PooledDataSource.popConnection(PooledDataSource.java:422)
	at org.apache.ibatis.datasource.pooled.PooledDataSource.getConnection(PooledDataSource.java:89)
	at org.activiti.engine.impl.cfg.ProcessEngineConfigurationImpl.initDatabaseType(ProcessEngineConfigurationImpl.java:670)
	at org.activiti.engine.impl.cfg.ProcessEngineConfigurationImpl.initDataSource(ProcessEngineConfigurationImpl.java:621)
	at org.activiti.engine.impl.cfg.ProcessEngineConfigurationImpl.init(ProcessEngineConfigurationImpl.java:454)
	at org.activiti.engine.impl.cfg.ProcessEngineConfigurationImpl.buildProcessEngine(ProcessEngineConfigurationImpl.java:426)
	at com.medsys.nis.test.ActivitiTest.testCreateProcessEngine(ActivitiTest.java:46)
	at com.medsys.nis.test.ActivitiTest.test(ActivitiTest.java:26)
	at sun.reflect.NativeMethodAccessorImpl.invoke0(Native Method)
	at sun.reflect.NativeMethodAccessorImpl.invoke(NativeMethodAccessorImpl.java:62)
	at sun.reflect.DelegatingMethodAccessorImpl.invoke(DelegatingMethodAccessorImpl.java:43)
	at java.lang.reflect.Method.invoke(Method.java:497)
	at org.junit.runners.model.FrameworkMethod$1.runReflectiveCall(FrameworkMethod.java:50)
	at org.junit.internal.runners.model.ReflectiveCallable.run(ReflectiveCallable.java:12)
	at org.junit.runners.model.FrameworkMethod.invokeExplosively(FrameworkMethod.java:47)
	at org.junit.internal.runners.statements.InvokeMethod.evaluate(InvokeMethod.java:17)
	at org.junit.runners.ParentRunner.runLeaf(ParentRunner.java:325)
	at org.junit.runners.BlockJUnit4ClassRunner.runChild(BlockJUnit4ClassRunner.java:78)
	at org.junit.runners.BlockJUnit4ClassRunner.runChild(BlockJUnit4ClassRunner.java:57)
	at org.junit.runners.ParentRunner$3.run(ParentRunner.java:290)
	at org.junit.runners.ParentRunner$1.schedule(ParentRunner.java:71)
	at org.junit.runners.ParentRunner.runChildren(ParentRunner.java:288)
	at org.junit.runners.ParentRunner.access$000(ParentRunner.java:58)
	at org.junit.runners.ParentRunner$2.evaluate(ParentRunner.java:268)
	at org.junit.runners.ParentRunner.run(ParentRunner.java:363)
	at org.junit.runner.JUnitCore.run(JUnitCore.java:137)
	at com.intellij.junit4.JUnit4IdeaTestRunner.startRunnerWithArgs(JUnit4IdeaTestRunner.java:68)
	at com.intellij.rt.execution.junit.IdeaTestRunner$Repeater.startRunnerWithArgs(IdeaTestRunner.java:51)
	at com.intellij.rt.execution.junit.JUnitStarter.prepareStreamsAndStart(JUnitStarter.java:237)
	at com.intellij.rt.execution.junit.JUnitStarter.main(JUnitStarter.java:70)
2020-08-04 09:35:06.013 INFO  org.activiti.engine.impl.db.DbSqlSession Line:1291 - performing create on engine with resource org/activiti/db/create/activiti.mysql.create.engine.sql
2020-08-04 09:35:06.023 INFO  org.activiti.engine.impl.db.DbSqlSession Line:1307 - Found MySQL: majorVersion=5 minorVersion=7
2020-08-04 09:35:41.362 INFO  org.activiti.engine.impl.db.DbSqlSession Line:1291 - performing create on history with resource org/activiti/db/create/activiti.mysql.create.history.sql
2020-08-04 09:35:41.364 INFO  org.activiti.engine.impl.db.DbSqlSession Line:1307 - Found MySQL: majorVersion=5 minorVersion=7
2020-08-04 09:35:52.554 INFO  org.activiti.engine.impl.db.DbSqlSession Line:1291 - performing create on identity with resource org/activiti/db/create/activiti.mysql.create.identity.sql
2020-08-04 09:35:52.556 INFO  org.activiti.engine.impl.db.DbSqlSession Line:1307 - Found MySQL: majorVersion=5 minorVersion=7
2020-08-04 09:35:55.659 INFO  org.activiti.engine.impl.ProcessEngineImpl Line:82  - ProcessEngine default created
2020-08-04 09:36:43.691 INFO  org.activiti.engine.ProcessEngines Line:97  - Initializing process engine using configuration 'file:/D:/%e5%b7%a5%e4%bd%9c%e4%bb%a3%e7%a0%81/newNIS%e5%90%8e%e5%8f%b0/target/classes/activiti.cfg.xml'
2020-08-04 09:36:43.709 INFO  org.activiti.engine.ProcessEngines Line:166 - initializing process engine for resource file:/D:/%e5%b7%a5%e4%bd%9c%e4%bb%a3%e7%a0%81/newNIS%e5%90%8e%e5%8f%b0/target/classes/activiti.cfg.xml
2020-08-04 09:36:49.594 ERROR org.activiti.engine.impl.cfg.ProcessEngineConfigurationImpl Line:681 - Exception while initializing Database connection
com.mysql.jdbc.exceptions.jdbc4.MySQLSyntaxErrorException: Unknown database 'localhost_3306'
	at sun.reflect.NativeConstructorAccessorImpl.newInstance0(Native Method)
	at sun.reflect.NativeConstructorAccessorImpl.newInstance(NativeConstructorAccessorImpl.java:62)
	at sun.reflect.DelegatingConstructorAccessorImpl.newInstance(DelegatingConstructorAccessorImpl.java:45)
	at java.lang.reflect.Constructor.newInstance(Constructor.java:422)
	at com.mysql.jdbc.Util.handleNewInstance(Util.java:389)
	at com.mysql.jdbc.Util.getInstance(Util.java:372)
	at com.mysql.jdbc.SQLError.createSQLException(SQLError.java:980)
	at com.mysql.jdbc.MysqlIO.checkErrorPacket(MysqlIO.java:3835)
	at com.mysql.jdbc.MysqlIO.checkErrorPacket(MysqlIO.java:3771)
	at com.mysql.jdbc.MysqlIO.checkErrorPacket(MysqlIO.java:870)
	at com.mysql.jdbc.MysqlIO.proceedHandshakeWithPluggableAuthentication(MysqlIO.java:1659)
	at com.mysql.jdbc.MysqlIO.doHandshake(MysqlIO.java:1206)
	at com.mysql.jdbc.ConnectionImpl.coreConnect(ConnectionImpl.java:2239)
	at com.mysql.jdbc.ConnectionImpl.connectOneTryOnly(ConnectionImpl.java:2270)
	at com.mysql.jdbc.ConnectionImpl.createNewIO(ConnectionImpl.java:2069)
	at com.mysql.jdbc.ConnectionImpl.<init>(ConnectionImpl.java:794)
	at com.mysql.jdbc.JDBC4Connection.<init>(JDBC4Connection.java:44)
	at sun.reflect.NativeConstructorAccessorImpl.newInstance0(Native Method)
	at sun.reflect.NativeConstructorAccessorImpl.newInstance(NativeConstructorAccessorImpl.java:62)
	at sun.reflect.DelegatingConstructorAccessorImpl.newInstance(DelegatingConstructorAccessorImpl.java:45)
	at java.lang.reflect.Constructor.newInstance(Constructor.java:422)
	at com.mysql.jdbc.Util.handleNewInstance(Util.java:389)
	at com.mysql.jdbc.ConnectionImpl.getInstance(ConnectionImpl.java:399)
	at com.mysql.jdbc.NonRegisteringDriver.connect(NonRegisteringDriver.java:325)
	at java.sql.DriverManager.getConnection(DriverManager.java:664)
	at java.sql.DriverManager.getConnection(DriverManager.java:208)
	at org.apache.ibatis.datasource.unpooled.UnpooledDataSource.doGetConnection(UnpooledDataSource.java:221)
	at org.apache.ibatis.datasource.unpooled.UnpooledDataSource.doGetConnection(UnpooledDataSource.java:216)
	at org.apache.ibatis.datasource.unpooled.UnpooledDataSource.getConnection(UnpooledDataSource.java:95)
	at org.apache.ibatis.datasource.pooled.PooledDataSource.popConnection(PooledDataSource.java:422)
	at org.apache.ibatis.datasource.pooled.PooledDataSource.getConnection(PooledDataSource.java:89)
	at org.activiti.engine.impl.cfg.ProcessEngineConfigurationImpl.initDatabaseType(ProcessEngineConfigurationImpl.java:670)
	at org.activiti.engine.impl.cfg.ProcessEngineConfigurationImpl.initDataSource(ProcessEngineConfigurationImpl.java:621)
	at org.activiti.engine.impl.cfg.ProcessEngineConfigurationImpl.init(ProcessEngineConfigurationImpl.java:454)
	at org.activiti.engine.impl.cfg.ProcessEngineConfigurationImpl.buildProcessEngine(ProcessEngineConfigurationImpl.java:426)
	at org.activiti.engine.ProcessEngines.buildProcessEngine(ProcessEngines.java:194)
	at org.activiti.engine.ProcessEngines.initProcessEnginFromResource(ProcessEngines.java:167)
	at org.activiti.engine.ProcessEngines.init(ProcessEngines.java:98)
	at org.activiti.engine.ProcessEngines.getProcessEngine(ProcessEngines.java:224)
	at org.activiti.engine.ProcessEngines.getDefaultProcessEngine(ProcessEngines.java:217)
	at com.medsys.nis.test.ActivitiTest.<init>(ActivitiTest.java:21)
	at sun.reflect.NativeConstructorAccessorImpl.newInstance0(Native Method)
	at sun.reflect.NativeConstructorAccessorImpl.newInstance(NativeConstructorAccessorImpl.java:62)
	at sun.reflect.DelegatingConstructorAccessorImpl.newInstance(DelegatingConstructorAccessorImpl.java:45)
	at java.lang.reflect.Constructor.newInstance(Constructor.java:422)
	at org.junit.runners.BlockJUnit4ClassRunner.createTest(BlockJUnit4ClassRunner.java:217)
	at org.junit.runners.BlockJUnit4ClassRunner$1.runReflectiveCall(BlockJUnit4ClassRunner.java:266)
	at org.junit.internal.runners.model.ReflectiveCallable.run(ReflectiveCallable.java:12)
	at org.junit.runners.BlockJUnit4ClassRunner.methodBlock(BlockJUnit4ClassRunner.java:263)
	at org.junit.runners.BlockJUnit4ClassRunner.runChild(BlockJUnit4ClassRunner.java:78)
	at org.junit.runners.BlockJUnit4ClassRunner.runChild(BlockJUnit4ClassRunner.java:57)
	at org.junit.runners.ParentRunner$3.run(ParentRunner.java:290)
	at org.junit.runners.ParentRunner$1.schedule(ParentRunner.java:71)
	at org.junit.runners.ParentRunner.runChildren(ParentRunner.java:288)
	at org.junit.runners.ParentRunner.access$000(ParentRunner.java:58)
	at org.junit.runners.ParentRunner$2.evaluate(ParentRunner.java:268)
	at org.junit.runners.ParentRunner.run(ParentRunner.java:363)
	at org.junit.runner.JUnitCore.run(JUnitCore.java:137)
	at com.intellij.junit4.JUnit4IdeaTestRunner.startRunnerWithArgs(JUnit4IdeaTestRunner.java:68)
	at com.intellij.rt.execution.junit.IdeaTestRunner$Repeater.startRunnerWithArgs(IdeaTestRunner.java:51)
	at com.intellij.rt.execution.junit.JUnitStarter.prepareStreamsAndStart(JUnitStarter.java:237)
	at com.intellij.rt.execution.junit.JUnitStarter.main(JUnitStarter.java:70)
2020-08-04 09:36:51.305 ERROR org.activiti.engine.ProcessEngines Line:174 - Exception while initializing process engine: couldn't check if tables are already present using metadata: 
### Error getting a new connection.  Cause: com.mysql.jdbc.exceptions.jdbc4.MySQLSyntaxErrorException: Unknown database 'localhost_3306'
### Cause: com.mysql.jdbc.exceptions.jdbc4.MySQLSyntaxErrorException: Unknown database 'localhost_3306'
org.activiti.engine.ActivitiException: couldn't check if tables are already present using metadata: 
### Error getting a new connection.  Cause: com.mysql.jdbc.exceptions.jdbc4.MySQLSyntaxErrorException: Unknown database 'localhost_3306'
### Cause: com.mysql.jdbc.exceptions.jdbc4.MySQLSyntaxErrorException: Unknown database 'localhost_3306'
	at org.activiti.engine.impl.db.DbSqlSession.isTablePresent(DbSqlSession.java:1195)
	at org.activiti.engine.impl.db.DbSqlSession.isEngineTablePresent(DbSqlSession.java:1145)
	at org.activiti.engine.impl.db.DbSqlSession.dbSchemaUpdate(DbSqlSession.java:1078)
	at org.activiti.engine.impl.db.DbSqlSession.performSchemaOperationsProcessEngineBuild(DbSqlSession.java:1473)
	at org.activiti.engine.impl.SchemaOperationsProcessEngineBuild.execute(SchemaOperationsProcessEngineBuild.java:25)
	at org.activiti.engine.impl.interceptor.CommandInvoker.execute(CommandInvoker.java:24)
	at org.activiti.engine.impl.interceptor.CommandContextInterceptor.execute(CommandContextInterceptor.java:57)
	at org.activiti.engine.impl.interceptor.LogInterceptor.execute(LogInterceptor.java:31)
	at org.activiti.engine.impl.cfg.CommandExecutorImpl.execute(CommandExecutorImpl.java:40)
	at org.activiti.engine.impl.ProcessEngineImpl.<init>(ProcessEngineImpl.java:77)
	at org.activiti.engine.impl.cfg.ProcessEngineConfigurationImpl.buildProcessEngine(ProcessEngineConfigurationImpl.java:427)
	at org.activiti.engine.ProcessEngines.buildProcessEngine(ProcessEngines.java:194)
	at org.activiti.engine.ProcessEngines.initProcessEnginFromResource(ProcessEngines.java:167)
	at org.activiti.engine.ProcessEngines.init(ProcessEngines.java:98)
	at org.activiti.engine.ProcessEngines.getProcessEngine(ProcessEngines.java:224)
	at org.activiti.engine.ProcessEngines.getDefaultProcessEngine(ProcessEngines.java:217)
	at com.medsys.nis.test.ActivitiTest.<init>(ActivitiTest.java:21)
	at sun.reflect.NativeConstructorAccessorImpl.newInstance0(Native Method)
	at sun.reflect.NativeConstructorAccessorImpl.newInstance(NativeConstructorAccessorImpl.java:62)
	at sun.reflect.DelegatingConstructorAccessorImpl.newInstance(DelegatingConstructorAccessorImpl.java:45)
	at java.lang.reflect.Constructor.newInstance(Constructor.java:422)
	at org.junit.runners.BlockJUnit4ClassRunner.createTest(BlockJUnit4ClassRunner.java:217)
	at org.junit.runners.BlockJUnit4ClassRunner$1.runReflectiveCall(BlockJUnit4ClassRunner.java:266)
	at org.junit.internal.runners.model.ReflectiveCallable.run(ReflectiveCallable.java:12)
	at org.junit.runners.BlockJUnit4ClassRunner.methodBlock(BlockJUnit4ClassRunner.java:263)
	at org.junit.runners.BlockJUnit4ClassRunner.runChild(BlockJUnit4ClassRunner.java:78)
	at org.junit.runners.BlockJUnit4ClassRunner.runChild(BlockJUnit4ClassRunner.java:57)
	at org.junit.runners.ParentRunner$3.run(ParentRunner.java:290)
	at org.junit.runners.ParentRunner$1.schedule(ParentRunner.java:71)
	at org.junit.runners.ParentRunner.runChildren(ParentRunner.java:288)
	at org.junit.runners.ParentRunner.access$000(ParentRunner.java:58)
	at org.junit.runners.ParentRunner$2.evaluate(ParentRunner.java:268)
	at org.junit.runners.ParentRunner.run(ParentRunner.java:363)
	at org.junit.runner.JUnitCore.run(JUnitCore.java:137)
	at com.intellij.junit4.JUnit4IdeaTestRunner.startRunnerWithArgs(JUnit4IdeaTestRunner.java:68)
	at com.intellij.rt.execution.junit.IdeaTestRunner$Repeater.startRunnerWithArgs(IdeaTestRunner.java:51)
	at com.intellij.rt.execution.junit.JUnitStarter.prepareStreamsAndStart(JUnitStarter.java:237)
	at com.intellij.rt.execution.junit.JUnitStarter.main(JUnitStarter.java:70)
Caused by: org.apache.ibatis.exceptions.PersistenceException: 
### Error getting a new connection.  Cause: com.mysql.jdbc.exceptions.jdbc4.MySQLSyntaxErrorException: Unknown database 'localhost_3306'
### Cause: com.mysql.jdbc.exceptions.jdbc4.MySQLSyntaxErrorException: Unknown database 'localhost_3306'
	at org.apache.ibatis.exceptions.ExceptionFactory.wrapException(ExceptionFactory.java:30)
	at org.apache.ibatis.session.defaults.DefaultSqlSession.getConnection(DefaultSqlSession.java:299)
	at org.activiti.engine.impl.db.DbSqlSession.isTablePresent(DbSqlSession.java:1163)
	... 37 common frames omitted
Caused by: com.mysql.jdbc.exceptions.jdbc4.MySQLSyntaxErrorException: Unknown database 'localhost_3306'
	at sun.reflect.NativeConstructorAccessorImpl.newInstance0(Native Method)
	at sun.reflect.NativeConstructorAccessorImpl.newInstance(NativeConstructorAccessorImpl.java:62)
	at sun.reflect.DelegatingConstructorAccessorImpl.newInstance(DelegatingConstructorAccessorImpl.java:45)
	at java.lang.reflect.Constructor.newInstance(Constructor.java:422)
	at com.mysql.jdbc.Util.handleNewInstance(Util.java:389)
	at com.mysql.jdbc.Util.getInstance(Util.java:372)
	at com.mysql.jdbc.SQLError.createSQLException(SQLError.java:980)
	at com.mysql.jdbc.MysqlIO.checkErrorPacket(MysqlIO.java:3835)
	at com.mysql.jdbc.MysqlIO.checkErrorPacket(MysqlIO.java:3771)
	at com.mysql.jdbc.MysqlIO.checkErrorPacket(MysqlIO.java:870)
	at com.mysql.jdbc.MysqlIO.proceedHandshakeWithPluggableAuthentication(MysqlIO.java:1659)
	at com.mysql.jdbc.MysqlIO.doHandshake(MysqlIO.java:1206)
	at com.mysql.jdbc.ConnectionImpl.coreConnect(ConnectionImpl.java:2239)
	at com.mysql.jdbc.ConnectionImpl.connectOneTryOnly(ConnectionImpl.java:2270)
	at com.mysql.jdbc.ConnectionImpl.createNewIO(ConnectionImpl.java:2069)
	at com.mysql.jdbc.ConnectionImpl.<init>(ConnectionImpl.java:794)
	at com.mysql.jdbc.JDBC4Connection.<init>(JDBC4Connection.java:44)
	at sun.reflect.NativeConstructorAccessorImpl.newInstance0(Native Method)
	at sun.reflect.NativeConstructorAccessorImpl.newInstance(NativeConstructorAccessorImpl.java:62)
	at sun.reflect.DelegatingConstructorAccessorImpl.newInstance(DelegatingConstructorAccessorImpl.java:45)
	at java.lang.reflect.Constructor.newInstance(Constructor.java:422)
	at com.mysql.jdbc.Util.handleNewInstance(Util.java:389)
	at com.mysql.jdbc.ConnectionImpl.getInstance(ConnectionImpl.java:399)
	at com.mysql.jdbc.NonRegisteringDriver.connect(NonRegisteringDriver.java:325)
	at java.sql.DriverManager.getConnection(DriverManager.java:664)
	at java.sql.DriverManager.getConnection(DriverManager.java:208)
	at org.apache.ibatis.datasource.unpooled.UnpooledDataSource.doGetConnection(UnpooledDataSource.java:221)
	at org.apache.ibatis.datasource.unpooled.UnpooledDataSource.doGetConnection(UnpooledDataSource.java:216)
	at org.apache.ibatis.datasource.unpooled.UnpooledDataSource.getConnection(UnpooledDataSource.java:95)
	at org.apache.ibatis.datasource.pooled.PooledDataSource.popConnection(PooledDataSource.java:422)
	at org.apache.ibatis.datasource.pooled.PooledDataSource.getConnection(PooledDataSource.java:89)
	at org.apache.ibatis.transaction.jdbc.JdbcTransaction.openConnection(JdbcTransaction.java:138)
	at org.apache.ibatis.transaction.jdbc.JdbcTransaction.getConnection(JdbcTransaction.java:60)
	at org.apache.ibatis.session.defaults.DefaultSqlSession.getConnection(DefaultSqlSession.java:297)
	... 38 common frames omitted
2020-08-04 09:36:52.216 INFO  org.activiti.engine.impl.ProcessEngineImpl Line:82  - ProcessEngine default created
2020-08-04 09:36:52.311 ERROR org.activiti.engine.impl.cfg.ProcessEngineConfigurationImpl Line:681 - Exception while initializing Database connection
com.mysql.jdbc.exceptions.jdbc4.MySQLSyntaxErrorException: Unknown database 'localhost_3306'
	at sun.reflect.NativeConstructorAccessorImpl.newInstance0(Native Method)
	at sun.reflect.NativeConstructorAccessorImpl.newInstance(NativeConstructorAccessorImpl.java:62)
	at sun.reflect.DelegatingConstructorAccessorImpl.newInstance(DelegatingConstructorAccessorImpl.java:45)
	at java.lang.reflect.Constructor.newInstance(Constructor.java:422)
	at com.mysql.jdbc.Util.handleNewInstance(Util.java:389)
	at com.mysql.jdbc.Util.getInstance(Util.java:372)
	at com.mysql.jdbc.SQLError.createSQLException(SQLError.java:980)
	at com.mysql.jdbc.MysqlIO.checkErrorPacket(MysqlIO.java:3835)
	at com.mysql.jdbc.MysqlIO.checkErrorPacket(MysqlIO.java:3771)
	at com.mysql.jdbc.MysqlIO.checkErrorPacket(MysqlIO.java:870)
	at com.mysql.jdbc.MysqlIO.proceedHandshakeWithPluggableAuthentication(MysqlIO.java:1659)
	at com.mysql.jdbc.MysqlIO.doHandshake(MysqlIO.java:1206)
	at com.mysql.jdbc.ConnectionImpl.coreConnect(ConnectionImpl.java:2239)
	at com.mysql.jdbc.ConnectionImpl.connectOneTryOnly(ConnectionImpl.java:2270)
	at com.mysql.jdbc.ConnectionImpl.createNewIO(ConnectionImpl.java:2069)
	at com.mysql.jdbc.ConnectionImpl.<init>(ConnectionImpl.java:794)
	at com.mysql.jdbc.JDBC4Connection.<init>(JDBC4Connection.java:44)
	at sun.reflect.NativeConstructorAccessorImpl.newInstance0(Native Method)
	at sun.reflect.NativeConstructorAccessorImpl.newInstance(NativeConstructorAccessorImpl.java:62)
	at sun.reflect.DelegatingConstructorAccessorImpl.newInstance(DelegatingConstructorAccessorImpl.java:45)
	at java.lang.reflect.Constructor.newInstance(Constructor.java:422)
	at com.mysql.jdbc.Util.handleNewInstance(Util.java:389)
	at com.mysql.jdbc.ConnectionImpl.getInstance(ConnectionImpl.java:399)
	at com.mysql.jdbc.NonRegisteringDriver.connect(NonRegisteringDriver.java:325)
	at java.sql.DriverManager.getConnection(DriverManager.java:664)
	at java.sql.DriverManager.getConnection(DriverManager.java:208)
	at org.apache.ibatis.datasource.unpooled.UnpooledDataSource.doGetConnection(UnpooledDataSource.java:221)
	at org.apache.ibatis.datasource.unpooled.UnpooledDataSource.doGetConnection(UnpooledDataSource.java:216)
	at org.apache.ibatis.datasource.unpooled.UnpooledDataSource.getConnection(UnpooledDataSource.java:95)
	at org.apache.ibatis.datasource.pooled.PooledDataSource.popConnection(PooledDataSource.java:422)
	at org.apache.ibatis.datasource.pooled.PooledDataSource.getConnection(PooledDataSource.java:89)
	at org.activiti.engine.impl.cfg.ProcessEngineConfigurationImpl.initDatabaseType(ProcessEngineConfigurationImpl.java:670)
	at org.activiti.engine.impl.cfg.ProcessEngineConfigurationImpl.initDataSource(ProcessEngineConfigurationImpl.java:621)
	at org.activiti.engine.impl.cfg.ProcessEngineConfigurationImpl.init(ProcessEngineConfigurationImpl.java:454)
	at org.activiti.engine.impl.cfg.ProcessEngineConfigurationImpl.buildProcessEngine(ProcessEngineConfigurationImpl.java:426)
	at com.medsys.nis.test.ActivitiTest.testCreateProcessEngineByCfgXml(ActivitiTest.java:55)
	at com.medsys.nis.test.ActivitiTest.test(ActivitiTest.java:28)
	at sun.reflect.NativeMethodAccessorImpl.invoke0(Native Method)
	at sun.reflect.NativeMethodAccessorImpl.invoke(NativeMethodAccessorImpl.java:62)
	at sun.reflect.DelegatingMethodAccessorImpl.invoke(DelegatingMethodAccessorImpl.java:43)
	at java.lang.reflect.Method.invoke(Method.java:497)
	at org.junit.runners.model.FrameworkMethod$1.runReflectiveCall(FrameworkMethod.java:50)
	at org.junit.internal.runners.model.ReflectiveCallable.run(ReflectiveCallable.java:12)
	at org.junit.runners.model.FrameworkMethod.invokeExplosively(FrameworkMethod.java:47)
	at org.junit.internal.runners.statements.InvokeMethod.evaluate(InvokeMethod.java:17)
	at org.junit.runners.ParentRunner.runLeaf(ParentRunner.java:325)
	at org.junit.runners.BlockJUnit4ClassRunner.runChild(BlockJUnit4ClassRunner.java:78)
	at org.junit.runners.BlockJUnit4ClassRunner.runChild(BlockJUnit4ClassRunner.java:57)
	at org.junit.runners.ParentRunner$3.run(ParentRunner.java:290)
	at org.junit.runners.ParentRunner$1.schedule(ParentRunner.java:71)
	at org.junit.runners.ParentRunner.runChildren(ParentRunner.java:288)
	at org.junit.runners.ParentRunner.access$000(ParentRunner.java:58)
	at org.junit.runners.ParentRunner$2.evaluate(ParentRunner.java:268)
	at org.junit.runners.ParentRunner.run(ParentRunner.java:363)
	at org.junit.runner.JUnitCore.run(JUnitCore.java:137)
	at com.intellij.junit4.JUnit4IdeaTestRunner.startRunnerWithArgs(JUnit4IdeaTestRunner.java:68)
	at com.intellij.rt.execution.junit.IdeaTestRunner$Repeater.startRunnerWithArgs(IdeaTestRunner.java:51)
	at com.intellij.rt.execution.junit.JUnitStarter.prepareStreamsAndStart(JUnitStarter.java:237)
	at com.intellij.rt.execution.junit.JUnitStarter.main(JUnitStarter.java:70)
2020-08-04 09:38:15.471 INFO  org.activiti.engine.ProcessEngines Line:97  - Initializing process engine using configuration 'file:/D:/%e5%b7%a5%e4%bd%9c%e4%bb%a3%e7%a0%81/newNIS%e5%90%8e%e5%8f%b0/target/classes/activiti.cfg.xml'
2020-08-04 09:38:15.486 INFO  org.activiti.engine.ProcessEngines Line:166 - initializing process engine for resource file:/D:/%e5%b7%a5%e4%bd%9c%e4%bb%a3%e7%a0%81/newNIS%e5%90%8e%e5%8f%b0/target/classes/activiti.cfg.xml
2020-08-04 09:38:24.181 INFO  org.activiti.engine.impl.ProcessEngineImpl Line:82  - ProcessEngine default created
2020-08-04 09:38:24.194 INFO  org.activiti.engine.ProcessEngines Line:169 - initialised process engine default
2020-08-04 09:38:24.995 INFO  org.activiti.engine.impl.ProcessEngineImpl Line:82  - ProcessEngine default created
2020-08-04 09:38:25.736 INFO  org.activiti.engine.impl.ProcessEngineImpl Line:82  - ProcessEngine default created
2020-08-04 09:40:08.570 INFO  org.activiti.engine.ProcessEngines Line:97  - Initializing process engine using configuration 'file:/D:/%e5%b7%a5%e4%bd%9c%e4%bb%a3%e7%a0%81/newNIS%e5%90%8e%e5%8f%b0/target/classes/activiti.cfg.xml'
2020-08-04 09:40:08.588 INFO  org.activiti.engine.ProcessEngines Line:166 - initializing process engine for resource file:/D:/%e5%b7%a5%e4%bd%9c%e4%bb%a3%e7%a0%81/newNIS%e5%90%8e%e5%8f%b0/target/classes/activiti.cfg.xml
2020-08-04 09:40:17.199 INFO  org.activiti.engine.impl.ProcessEngineImpl Line:82  - ProcessEngine default created
2020-08-04 09:40:17.220 INFO  org.activiti.engine.ProcessEngines Line:169 - initialised process engine default
2020-08-04 09:40:17.799 INFO  org.activiti.engine.impl.ProcessEngineImpl Line:82  - ProcessEngine default created
2020-08-04 09:40:18.687 INFO  org.activiti.engine.impl.ProcessEngineImpl Line:82  - ProcessEngine default created
2020-08-04 09:41:49.545 INFO  org.activiti.engine.ProcessEngines Line:97  - Initializing process engine using configuration 'file:/D:/%e5%b7%a5%e4%bd%9c%e4%bb%a3%e7%a0%81/newNIS%e5%90%8e%e5%8f%b0/target/classes/activiti.cfg.xml'
2020-08-04 09:41:49.567 INFO  org.activiti.engine.ProcessEngines Line:166 - initializing process engine for resource file:/D:/%e5%b7%a5%e4%bd%9c%e4%bb%a3%e7%a0%81/newNIS%e5%90%8e%e5%8f%b0/target/classes/activiti.cfg.xml
2020-08-04 09:41:57.684 INFO  org.activiti.engine.impl.ProcessEngineImpl Line:82  - ProcessEngine default created
2020-08-04 09:41:57.695 INFO  org.activiti.engine.ProcessEngines Line:169 - initialised process engine default
2020-08-04 09:41:58.459 INFO  org.activiti.engine.impl.ProcessEngineImpl Line:82  - ProcessEngine default created
2020-08-04 09:41:59.187 INFO  org.activiti.engine.impl.ProcessEngineImpl Line:82  - ProcessEngine default created
2020-08-04 09:41:59.290 INFO  org.activiti.engine.impl.bpmn.deployer.BpmnDeployer Line:82  - Processing resource helloActiviti.bpmn
2020-08-04 09:46:05.171 INFO  org.activiti.engine.ProcessEngines Line:97  - Initializing process engine using configuration 'file:/D:/%e5%b7%a5%e4%bd%9c%e4%bb%a3%e7%a0%81/newNIS%e5%90%8e%e5%8f%b0/target/classes/activiti.cfg.xml'
2020-08-04 09:46:05.192 INFO  org.activiti.engine.ProcessEngines Line:166 - initializing process engine for resource file:/D:/%e5%b7%a5%e4%bd%9c%e4%bb%a3%e7%a0%81/newNIS%e5%90%8e%e5%8f%b0/target/classes/activiti.cfg.xml
2020-08-04 09:46:12.887 INFO  org.activiti.engine.impl.ProcessEngineImpl Line:82  - ProcessEngine default created
2020-08-04 09:46:12.903 INFO  org.activiti.engine.ProcessEngines Line:169 - initialised process engine default
2020-08-04 09:46:13.561 INFO  org.activiti.engine.impl.ProcessEngineImpl Line:82  - ProcessEngine default created
2020-08-04 09:46:14.094 INFO  org.activiti.engine.impl.ProcessEngineImpl Line:82  - ProcessEngine default created
2020-08-04 09:46:14.175 INFO  org.activiti.engine.impl.bpmn.deployer.BpmnDeployer Line:82  - Processing resource helloActiviti.bpmn
2020-08-04 09:47:50.317 INFO  org.activiti.engine.ProcessEngines Line:97  - Initializing process engine using configuration 'file:/D:/%e5%b7%a5%e4%bd%9c%e4%bb%a3%e7%a0%81/newNIS%e5%90%8e%e5%8f%b0/target/classes/activiti.cfg.xml'
2020-08-04 09:47:50.335 INFO  org.activiti.engine.ProcessEngines Line:166 - initializing process engine for resource file:/D:/%e5%b7%a5%e4%bd%9c%e4%bb%a3%e7%a0%81/newNIS%e5%90%8e%e5%8f%b0/target/classes/activiti.cfg.xml
2020-08-04 09:47:59.443 INFO  org.activiti.engine.impl.ProcessEngineImpl Line:82  - ProcessEngine default created
2020-08-04 09:47:59.461 INFO  org.activiti.engine.ProcessEngines Line:169 - initialised process engine default
2020-08-04 09:48:00.642 INFO  org.activiti.engine.impl.ProcessEngineImpl Line:82  - ProcessEngine default created
2020-08-04 09:48:01.326 INFO  org.activiti.engine.impl.ProcessEngineImpl Line:82  - ProcessEngine default created
2020-08-04 09:48:01.420 INFO  org.activiti.engine.impl.bpmn.deployer.BpmnDeployer Line:82  - Processing resource helloActiviti.bpmn
2020-08-04 09:58:13.623 INFO  org.activiti.engine.ProcessEngines Line:97  - Initializing process engine using configuration 'file:/D:/zwStudyWeb/newNISHT/target/classes/activiti.cfg.xml'
2020-08-04 09:58:13.639 INFO  org.activiti.engine.ProcessEngines Line:166 - initializing process engine for resource file:/D:/zwStudyWeb/newNISHT/target/classes/activiti.cfg.xml
2020-08-04 09:58:22.646 INFO  org.activiti.engine.impl.ProcessEngineImpl Line:82  - ProcessEngine default created
2020-08-04 09:58:22.663 INFO  org.activiti.engine.ProcessEngines Line:169 - initialised process engine default
2020-08-04 09:58:23.485 INFO  org.activiti.engine.impl.ProcessEngineImpl Line:82  - ProcessEngine default created
2020-08-04 09:58:24.135 INFO  org.activiti.engine.impl.ProcessEngineImpl Line:82  - ProcessEngine default created
2020-08-04 09:58:24.216 INFO  org.activiti.engine.impl.bpmn.deployer.BpmnDeployer Line:82  - Processing resource helloActiviti.bpmn
2020-08-04 10:02:44.626 INFO  org.activiti.engine.ProcessEngines Line:97  - Initializing process engine using configuration 'file:/D:/zwStudyWeb/newNISHT/target/classes/activiti.cfg.xml'
2020-08-04 10:02:44.643 INFO  org.activiti.engine.ProcessEngines Line:166 - initializing process engine for resource file:/D:/zwStudyWeb/newNISHT/target/classes/activiti.cfg.xml
2020-08-04 10:02:55.416 INFO  org.activiti.engine.impl.ProcessEngineImpl Line:82  - ProcessEngine default created
2020-08-04 10:02:55.441 INFO  org.activiti.engine.ProcessEngines Line:169 - initialised process engine default
2020-08-04 10:02:56.885 INFO  org.activiti.engine.impl.ProcessEngineImpl Line:82  - ProcessEngine default created
2020-08-04 10:02:58.021 INFO  org.activiti.engine.impl.ProcessEngineImpl Line:82  - ProcessEngine default created
2020-08-04 10:02:58.127 INFO  org.activiti.engine.impl.bpmn.deployer.BpmnDeployer Line:82  - Processing resource helloActiviti.bpmn
2020-08-04 10:32:55.884 INFO  org.activiti.engine.ProcessEngines Line:97  - Initializing process engine using configuration 'file:/D:/zwStudyWeb/newNISHT/target/classes/activiti.cfg.xml'
2020-08-04 10:32:55.895 INFO  org.activiti.engine.ProcessEngines Line:166 - initializing process engine for resource file:/D:/zwStudyWeb/newNISHT/target/classes/activiti.cfg.xml
2020-08-04 10:33:06.579 INFO  org.activiti.engine.impl.ProcessEngineImpl Line:82  - ProcessEngine default created
2020-08-04 10:33:06.593 INFO  org.activiti.engine.ProcessEngines Line:169 - initialised process engine default
2020-08-04 10:33:07.466 INFO  org.activiti.engine.impl.ProcessEngineImpl Line:82  - ProcessEngine default created
2020-08-04 10:33:08.233 INFO  org.activiti.engine.impl.ProcessEngineImpl Line:82  - ProcessEngine default created
2020-08-04 10:33:08.355 INFO  org.activiti.engine.impl.bpmn.deployer.BpmnDeployer Line:82  - Processing resource helloActiviti.bpmn
2020-08-04 10:36:03.473 INFO  org.activiti.engine.ProcessEngines Line:97  - Initializing process engine using configuration 'file:/D:/zwStudyWeb/newNISHT/target/classes/activiti.cfg.xml'
2020-08-04 10:36:03.499 INFO  org.activiti.engine.ProcessEngines Line:166 - initializing process engine for resource file:/D:/zwStudyWeb/newNISHT/target/classes/activiti.cfg.xml
2020-08-04 10:36:12.370 INFO  org.activiti.engine.impl.ProcessEngineImpl Line:82  - ProcessEngine default created
2020-08-04 10:36:12.384 INFO  org.activiti.engine.ProcessEngines Line:169 - initialised process engine default
2020-08-04 10:36:13.376 INFO  org.activiti.engine.impl.ProcessEngineImpl Line:82  - ProcessEngine default created
2020-08-04 10:36:13.917 INFO  org.activiti.engine.impl.ProcessEngineImpl Line:82  - ProcessEngine default created
2020-08-04 10:36:14.032 INFO  org.activiti.engine.impl.bpmn.deployer.BpmnDeployer Line:82  - Processing resource helloActiviti.bpmn
2020-08-04 10:44:33.375 INFO  org.activiti.engine.ProcessEngines Line:97  - Initializing process engine using configuration 'file:/D:/zwStudyWeb/newNISHT/target/classes/activiti.cfg.xml'
2020-08-04 10:44:33.393 INFO  org.activiti.engine.ProcessEngines Line:166 - initializing process engine for resource file:/D:/zwStudyWeb/newNISHT/target/classes/activiti.cfg.xml
2020-08-04 10:44:42.420 INFO  org.activiti.engine.impl.ProcessEngineImpl Line:82  - ProcessEngine default created
2020-08-04 10:44:42.434 INFO  org.activiti.engine.ProcessEngines Line:169 - initialised process engine default
2020-08-04 10:44:43.773 INFO  org.activiti.engine.impl.ProcessEngineImpl Line:82  - ProcessEngine default created
2020-08-04 10:44:44.400 INFO  org.activiti.engine.impl.ProcessEngineImpl Line:82  - ProcessEngine default created
2020-08-04 10:44:44.459 INFO  org.activiti.engine.impl.bpmn.deployer.BpmnDeployer Line:82  - Processing resource helloActiviti.bpmn
2020-08-04 10:46:45.395 INFO  org.activiti.engine.ProcessEngines Line:97  - Initializing process engine using configuration 'file:/D:/zwStudyWeb/newNISHT/target/classes/activiti.cfg.xml'
2020-08-04 10:46:45.416 INFO  org.activiti.engine.ProcessEngines Line:166 - initializing process engine for resource file:/D:/zwStudyWeb/newNISHT/target/classes/activiti.cfg.xml
2020-08-04 10:46:54.343 INFO  org.activiti.engine.impl.ProcessEngineImpl Line:82  - ProcessEngine default created
2020-08-04 10:46:54.363 INFO  org.activiti.engine.ProcessEngines Line:169 - initialised process engine default
2020-08-04 10:46:55.396 INFO  org.activiti.engine.impl.ProcessEngineImpl Line:82  - ProcessEngine default created
2020-08-04 10:46:55.995 INFO  org.activiti.engine.impl.ProcessEngineImpl Line:82  - ProcessEngine default created
2020-08-04 10:46:56.073 INFO  org.activiti.engine.impl.bpmn.deployer.BpmnDeployer Line:82  - Processing resource helloActiviti.bpmn
